1.0.1|iPhone1,1|1C25
1.0.2|iPhone1,1|1C28
1.0|iPhone1,1|1A543a
1.1.1|iPhone1,1|3A109a
1.1.1|iPod1,1|3A110a
1.1.2|iPhone1,1|3B48b
1.1.2|iPod1,1|3B48b
1.1.3|iPhone1,1|4A93
1.1.3|iPod1,1|4A93
1.1.4|iPhone1,1|4A102
1.1.4|iPod1,1|4A102
1.1.5|iPod1,1|4B1
1.1|iPod1,1|3A101a
10.0.1|AppleTV5,3|14U100
10.0.1|AppleTV5,3|14U71
10.0.1|iPad3,4|14A403
10.0.1|iPad3,5|14A403
10.0.1|iPad3,6|14A403
10.0.1|iPad4,1|14A403
10.0.1|iPad4,2|14A403
10.0.1|iPad4,3|14A403
10.0.1|iPad4,4|14A403
10.0.1|iPad4,5|14A403
10.0.1|iPad4,6|14A403
10.0.1|iPad4,7|14A403
10.0.1|iPad4,8|14A403
10.0.1|iPad4,9|14A403
10.0.1|iPad5,1|14A403
10.0.1|iPad5,2|14A403
10.0.1|iPad5,3|14A403
10.0.1|iPad5,4|14A403
10.0.1|iPad6,3|14A403
10.0.1|iPad6,4|14A403
10.0.1|iPad6,7|14A403
10.0.1|iPad6,8|14A403
10.0.1|iPhone5,1|14A403
10.0.1|iPhone5,2|14A403
10.0.1|iPhone5,3|14A403
10.0.1|iPhone5,4|14A403
10.0.1|iPhone6,1|14A403
10.0.1|iPhone6,2|14A403
10.0.1|iPhone7,1|14A403
10.0.1|iPhone7,2|14A403
10.0.1|iPhone8,1|14A403
10.0.1|iPhone8,2|14A403
10.0.1|iPhone8,4|14A403
10.0.1|iPhone9,1|14A403
10.0.1|iPhone9,2|14A403
10.0.1|iPhone9,3|14A403
10.0.1|iPhone9,4|14A403
10.0.1|iPod7,1|14A403
10.0.2|iPad3,4|14A456
10.0.2|iPad3,5|14A456
10.0.2|iPad3,6|14A456
10.0.2|iPad4,1|14A456
10.0.2|iPad4,2|14A456
10.0.2|iPad4,3|14A456
10.0.2|iPad4,4|14A456
10.0.2|iPad4,5|14A456
10.0.2|iPad4,6|14A456
10.0.2|iPad4,7|14A456
10.0.2|iPad4,8|14A456
10.0.2|iPad4,9|14A456
10.0.2|iPad5,1|14A456
10.0.2|iPad5,2|14A456
10.0.2|iPad5,3|14A456
10.0.2|iPad5,4|14A456
10.0.2|iPad6,3|14A456
10.0.2|iPad6,4|14A456
10.0.2|iPad6,7|14A456
10.0.2|iPad6,8|14A456
10.0.2|iPhone5,1|14A456
10.0.2|iPhone5,2|14A456
10.0.2|iPhone5,3|14A456
10.0.2|iPhone5,4|14A456
10.0.2|iPhone6,1|14A456
10.0.2|iPhone6,2|14A456
10.0.2|iPhone7,1|14A456
10.0.2|iPhone7,2|14A456
10.0.2|iPhone8,1|14A456
10.0.2|iPhone8,2|14A456
10.0.2|iPhone8,4|14A456
10.0.2|iPhone9,1|14A456
10.0.2|iPhone9,2|14A456
10.0.2|iPhone9,3|14A456
10.0.2|iPhone9,4|14A456
10.0.2|iPod7,1|14A456
10.0.3|iPhone9,1|14A551
10.0.3|iPhone9,2|14A551
10.0.3|iPhone9,3|14A551
10.0.3|iPhone9,4|14A551
10.0|AppleTV5,3|14T330
10.1.1|AppleTV5,3|14U712a
10.1.1|iPad3,4|14B100
10.1.1|iPad3,4|14B150
10.1.1|iPad3,5|14B100
10.1.1|iPad3,5|14B150
10.1.1|iPad3,6|14B100
10.1.1|iPad3,6|14B150
10.1.1|iPad4,1|14B100
10.1.1|iPad4,1|14B150
10.1.1|iPad4,2|14B100
10.1.1|iPad4,2|14B150
10.1.1|iPad4,3|14B100
10.1.1|iPad4,3|14B150
10.1.1|iPad4,4|14B100
10.1.1|iPad4,4|14B150
10.1.1|iPad4,5|14B100
10.1.1|iPad4,5|14B150
10.1.1|iPad4,6|14B100
10.1.1|iPad4,6|14B150
10.1.1|iPad4,7|14B100
10.1.1|iPad4,7|14B150
10.1.1|iPad4,8|14B100
10.1.1|iPad4,8|14B150
10.1.1|iPad4,9|14B100
10.1.1|iPad4,9|14B150
10.1.1|iPad5,1|14B100
10.1.1|iPad5,1|14B150
10.1.1|iPad5,2|14B100
10.1.1|iPad5,2|14B150
10.1.1|iPad5,3|14B100
10.1.1|iPad5,3|14B150
10.1.1|iPad5,4|14B100
10.1.1|iPad5,4|14B150
10.1.1|iPad6,3|14B100
10.1.1|iPad6,3|14B150
10.1.1|iPad6,4|14B100
10.1.1|iPad6,4|14B150
10.1.1|iPad6,7|14B100
10.1.1|iPad6,7|14B150
10.1.1|iPad6,8|14B100
10.1.1|iPad6,8|14B150
10.1.1|iPhone5,1|14B100
10.1.1|iPhone5,1|14B150
10.1.1|iPhone5,2|14B100
10.1.1|iPhone5,2|14B150
10.1.1|iPhone5,3|14B100
10.1.1|iPhone5,3|14B150
10.1.1|iPhone5,4|14B100
10.1.1|iPhone5,4|14B150
10.1.1|iPhone6,1|14B100
10.1.1|iPhone6,1|14B150
10.1.1|iPhone6,2|14B100
10.1.1|iPhone6,2|14B150
10.1.1|iPhone7,1|14B100
10.1.1|iPhone7,1|14B150
10.1.1|iPhone7,2|14B100
10.1.1|iPhone7,2|14B150
10.1.1|iPhone8,1|14B100
10.1.1|iPhone8,1|14B150
10.1.1|iPhone8,2|14B100
10.1.1|iPhone8,2|14B150
10.1.1|iPhone8,4|14B100
10.1.1|iPhone8,4|14B150
10.1.1|iPhone9,1|14B100
10.1.1|iPhone9,1|14B150
10.1.1|iPhone9,2|14B100
10.1.1|iPhone9,2|14B150
10.1.1|iPhone9,3|14B100
10.1.1|iPhone9,3|14B150
10.1.1|iPhone9,4|14B100
10.1.1|iPhone9,4|14B150
10.1.1|iPod7,1|14B100
10.1.1|iPod7,1|14B150
10.1|AppleTV5,3|14U593
10.1|iPad3,4|14B72
10.1|iPad3,5|14B72
10.1|iPad3,6|14B72
10.1|iPad4,1|14B72
10.1|iPad4,2|14B72
10.1|iPad4,3|14B72
10.1|iPad4,4|14B72
10.1|iPad4,5|14B72
10.1|iPad4,6|14B72
10.1|iPad4,7|14B72
10.1|iPad4,8|14B72
10.1|iPad4,9|14B72
10.1|iPad5,1|14B72
10.1|iPad5,2|14B72
10.1|iPad5,3|14B72
10.1|iPad5,4|14B72
10.1|iPad6,3|14B72
10.1|iPad6,4|14B72
10.1|iPad6,7|14B72
10.1|iPad6,8|14B72
10.1|iPhone5,1|14B72
10.1|iPhone5,2|14B72
10.1|iPhone5,3|14B72
10.1|iPhone5,4|14B72
10.1|iPhone6,1|14B72
10.1|iPhone6,2|14B72
10.1|iPhone7,1|14B72
10.1|iPhone7,2|14B72
10.1|iPhone8,1|14B72
10.1|iPhone8,2|14B72
10.1|iPhone8,4|14B72
10.1|iPhone9,1|14B72c
10.1|iPhone9,2|14B72c
10.1|iPhone9,3|14B72c
10.1|iPhone9,4|14B72c
10.1|iPod7,1|14B72
10.2.1|AppleTV5,3|14W585a
10.2.1|iPad3,4|14D27
10.2.1|iPad3,5|14D27
10.2.1|iPad3,6|14D27
10.2.1|iPad4,1|14D27
10.2.1|iPad4,2|14D27
10.2.1|iPad4,3|14D27
10.2.1|iPad4,4|14D27
10.2.1|iPad4,5|14D27
10.2.1|iPad4,6|14D27
10.2.1|iPad4,7|14D27
10.2.1|iPad4,8|14D27
10.2.1|iPad4,9|14D27
10.2.1|iPad5,1|14D27
10.2.1|iPad5,2|14D27
10.2.1|iPad5,3|14D27
10.2.1|iPad5,4|14D27
10.2.1|iPad6,3|14D27
10.2.1|iPad6,4|14D27
10.2.1|iPad6,7|14D27
10.2.1|iPad6,8|14D27
10.2.1|iPhone5,1|14D27
10.2.1|iPhone5,2|14D27
10.2.1|iPhone5,3|14D27
10.2.1|iPhone5,4|14D27
10.2.1|iPhone6,1|14D27
10.2.1|iPhone6,2|14D27
10.2.1|iPhone7,1|14D27
10.2.1|iPhone7,2|14D27
10.2.1|iPhone8,1|14D27
10.2.1|iPhone8,2|14D27
10.2.1|iPhone8,4|14D27
10.2.1|iPhone9,1|14D27
10.2.1|iPhone9,2|14D27
10.2.1|iPhone9,3|14D27
10.2.1|iPhone9,4|14D27
10.2.1|iPod7,1|14D27
10.2|AppleTV5,3|14W265
10.2|iPad3,4|14C92
10.2|iPad3,5|14C92
10.2|iPad3,6|14C92
10.2|iPad4,1|14C92
10.2|iPad4,2|14C92
10.2|iPad4,3|14C92
10.2|iPad4,4|14C92
10.2|iPad4,5|14C92
10.2|iPad4,6|14C92
10.2|iPad4,7|14C92
10.2|iPad4,8|14C92
10.2|iPad4,9|14C92
10.2|iPad5,1|14C92
10.2|iPad5,2|14C92
10.2|iPad5,3|14C92
10.2|iPad5,4|14C92
10.2|iPad6,3|14C92
10.2|iPad6,4|14C92
10.2|iPad6,7|14C92
10.2|iPad6,8|14C92
10.2|iPhone5,1|14C92
10.2|iPhone5,2|14C92
10.2|iPhone5,3|14C92
10.2|iPhone5,4|14C92
10.2|iPhone6,1|14C92
10.2|iPhone6,2|14C92
10.2|iPhone7,1|14C92
10.2|iPhone7,2|14C92
10.2|iPhone8,1|14C92
10.2|iPhone8,2|14C92
10.2|iPhone8,4|14C92
10.2|iPhone9,1|14C92
10.2|iPhone9,2|14C92
10.2|iPhone9,3|14C92
10.2|iPhone9,4|14C92
10.2|iPod7,1|14C92
10.3.1|iPad3,4|14E304
10.3.1|iPad3,5|14E304
10.3.1|iPad3,6|14E304
10.3.1|iPad4,1|14E304
10.3.1|iPad4,2|14E304
10.3.1|iPad4,3|14E304
10.3.1|iPad4,4|14E304
10.3.1|iPad4,5|14E304
10.3.1|iPad4,6|14E304
10.3.1|iPad4,7|14E304
10.3.1|iPad4,8|14E304
10.3.1|iPad4,9|14E304
10.3.1|iPad5,1|14E304
10.3.1|iPad5,2|14E304
10.3.1|iPad5,3|14E304
10.3.1|iPad5,4|14E304
10.3.1|iPad6,11|14E304
10.3.1|iPad6,12|14E304
10.3.1|iPad6,3|14E304
10.3.1|iPad6,4|14E304
10.3.1|iPad6,7|14E304
10.3.1|iPad6,8|14E304
10.3.1|iPhone5,1|14E304
10.3.1|iPhone5,2|14E304
10.3.1|iPhone5,3|14E304
10.3.1|iPhone5,4|14E304
10.3.1|iPhone6,1|14E304
10.3.1|iPhone6,2|14E304
10.3.1|iPhone7,1|14E304
10.3.1|iPhone7,2|14E304
10.3.1|iPhone8,1|14E304
10.3.1|iPhone8,2|14E304
10.3.1|iPhone8,4|14E304
10.3.1|iPhone9,1|14E304
10.3.1|iPhone9,2|14E304
10.3.1|iPhone9,3|14E304
10.3.1|iPhone9,4|14E304
10.3.1|iPod7,1|14E304
10.3.2|iPad3,4|14F89
10.3.2|iPad3,5|14F89
10.3.2|iPad3,6|14F89
10.3.2|iPad4,1|14F89
10.3.2|iPad4,2|14F89
10.3.2|iPad4,3|14F89
10.3.2|iPad4,4|14F89
10.3.2|iPad4,5|14F89
10.3.2|iPad4,6|14F89
10.3.2|iPad4,7|14F89
10.3.2|iPad4,8|14F89
10.3.2|iPad4,9|14F89
10.3.2|iPad5,1|14F89
10.3.2|iPad5,2|14F91
10.3.2|iPad5,3|14F89
10.3.2|iPad5,4|14F89
10.3.2|iPad6,11|14F90
10.3.2|iPad6,12|14F90
10.3.2|iPad6,3|14F89
10.3.2|iPad6,4|14F89
10.3.2|iPad6,7|14F89
10.3.2|iPad6,8|14F89
10.3.2|iPad7,1|14F8089
10.3.2|iPad7,2|14F8089
10.3.2|iPad7,3|14F8089
10.3.2|iPad7,4|14F8089
10.3.2|iPhone5,1|14F89
10.3.2|iPhone5,2|14F89
10.3.2|iPhone5,3|14F89
10.3.2|iPhone5,4|14F89
10.3.2|iPhone6,1|14F89
10.3.2|iPhone6,2|14F89
10.3.2|iPhone7,1|14F89
10.3.2|iPhone7,2|14F89
10.3.2|iPhone8,1|14F89
10.3.2|iPhone8,2|14F89
10.3.2|iPhone8,4|14F89
10.3.2|iPhone9,1|14F89
10.3.2|iPhone9,2|14F89
10.3.2|iPhone9,3|14F89
10.3.2|iPhone9,4|14F89
10.3.2|iPod7,1|14F89
10.3.3|iPad3,4|14G60
10.3.3|iPad3,5|14G60
10.3.3|iPad3,6|14G60
10.3.3|iPad4,1|14G60
10.3.3|iPad4,2|14G60
10.3.3|iPad4,3|14G60
10.3.3|iPad4,4|14G60
10.3.3|iPad4,5|14G60
10.3.3|iPad4,6|14G60
10.3.3|iPad4,7|14G60
10.3.3|iPad4,8|14G60
10.3.3|iPad4,9|14G60
10.3.3|iPad5,1|14G60
10.3.3|iPad5,2|14G60
10.3.3|iPad5,3|14G60
10.3.3|iPad5,4|14G60
10.3.3|iPad6,11|14G60
10.3.3|iPad6,12|14G60
10.3.3|iPad6,3|14G60
10.3.3|iPad6,4|14G60
10.3.3|iPad6,7|14G60
10.3.3|iPad6,8|14G60
10.3.3|iPad7,1|14G60
10.3.3|iPad7,2|14G60
10.3.3|iPad7,3|14G60
10.3.3|iPad7,4|14G60
10.3.3|iPhone5,1|14G60
10.3.3|iPhone5,2|14G60
10.3.3|iPhone5,3|14G60
10.3.3|iPhone5,4|14G60
10.3.3|iPhone6,1|14G60
10.3.3|iPhone6,2|14G60
10.3.3|iPhone7,1|14G60
10.3.3|iPhone7,2|14G60
10.3.3|iPhone8,1|14G60
10.3.3|iPhone8,2|14G60
10.3.3|iPhone8,4|14G60
10.3.3|iPhone9,1|14G60
10.3.3|iPhone9,2|14G60
10.3.3|iPhone9,3|14G60
10.3.3|iPhone9,4|14G60
10.3.3|iPod7,1|14G60
10.3|iPad3,4|14E277
10.3|iPad3,5|14E277
10.3|iPad3,6|14E277
10.3|iPad4,1|14E277
10.3|iPad4,2|14E277
10.3|iPad4,3|14E277
10.3|iPad4,4|14E277
10.3|iPad4,5|14E277
10.3|iPad4,6|14E277
10.3|iPad4,7|14E277
10.3|iPad4,8|14E277
10.3|iPad4,9|14E277
10.3|iPad5,1|14E277
10.3|iPad5,2|14E277
10.3|iPad5,3|14E277
10.3|iPad5,4|14E277
10.3|iPad6,11|14E277
10.3|iPad6,12|14E277
10.3|iPad6,3|14E277
10.3|iPad6,4|14E277
10.3|iPad6,7|14E277
10.3|iPad6,8|14E277
10.3|iPhone5,1|14E277
10.3|iPhone5,2|14E277
10.3|iPhone5,3|14E277
10.3|iPhone5,4|14E277
10.3|iPhone6,1|14E277
10.3|iPhone6,2|14E277
10.3|iPhone7,1|14E277
10.3|iPhone7,2|14E277
10.3|iPhone8,1|14E277
10.3|iPhone8,2|14E277
10.3|iPhone8,4|14E277
10.3|iPhone9,1|14E277
10.3|iPhone9,2|14E277
10.3|iPhone9,3|14E277
10.3|iPhone9,4|14E277
10.3|iPod7,1|14E277
11.0.1|iPad4,1|15A402
11.0.1|iPad4,2|15A402
11.0.1|iPad4,3|15A402
11.0.1|iPad4,4|15A402
11.0.1|iPad4,5|15A402
11.0.1|iPad4,6|15A402
11.0.1|iPad4,7|15A402
11.0.1|iPad4,8|15A402
11.0.1|iPad4,9|15A402
11.0.1|iPad5,1|15A402
11.0.1|iPad5,2|15A402
11.0.1|iPad5,3|15A402
11.0.1|iPad5,4|15A402
11.0.1|iPad6,11|15A402
11.0.1|iPad6,12|15A402
11.0.1|iPad6,3|15A402
11.0.1|iPad6,4|15A402
11.0.1|iPad6,7|15A402
11.0.1|iPad6,8|15A402
11.0.1|iPad7,1|15A402
11.0.1|iPad7,2|15A402
11.0.1|iPad7,3|15A402
11.0.1|iPad7,4|15A402
11.0.1|iPhone10,1|15A403
11.0.1|iPhone10,2|15A403
11.0.1|iPhone10,4|15A403
11.0.1|iPhone10,5|15A403
11.0.1|iPhone6,1|15A402
11.0.1|iPhone6,2|15A402
11.0.1|iPhone7,1|15A402
11.0.1|iPhone7,2|15A402
11.0.1|iPhone8,1|15A402
11.0.1|iPhone8,2|15A402
11.0.1|iPhone8,4|15A402
11.0.1|iPhone9,1|15A402
11.0.1|iPhone9,2|15A402
11.0.1|iPhone9,3|15A402
11.0.1|iPhone9,4|15A402
11.0.1|iPod7,1|15A402
11.0.2|iPad4,1|15A421
11.0.2|iPad4,2|15A421
11.0.2|iPad4,3|15A421
11.0.2|iPad4,4|15A421
11.0.2|iPad4,5|15A421
11.0.2|iPad4,6|15A421
11.0.2|iPad4,7|15A421
11.0.2|iPad4,8|15A421
11.0.2|iPad4,9|15A421
11.0.2|iPad5,1|15A421
11.0.2|iPad5,2|15A421
11.0.2|iPad5,3|15A421
11.0.2|iPad5,4|15A421
11.0.2|iPad6,11|15A421
11.0.2|iPad6,12|15A421
11.0.2|iPad6,3|15A421
11.0.2|iPad6,4|15A421
11.0.2|iPad6,7|15A421
11.0.2|iPad6,8|15A421
11.0.2|iPad7,1|15A421
11.0.2|iPad7,2|15A421
11.0.2|iPad7,3|15A421
11.0.2|iPad7,4|15A421
11.0.2|iPhone10,1|15A421
11.0.2|iPhone10,2|15A421
11.0.2|iPhone10,4|15A421
11.0.2|iPhone10,5|15A421
11.0.2|iPhone6,1|15A421
11.0.2|iPhone6,2|15A421
11.0.2|iPhone7,1|15A421
11.0.2|iPhone7,2|15A421
11.0.2|iPhone8,1|15A421
11.0.2|iPhone8,2|15A421
11.0.2|iPhone8,4|15A421
11.0.2|iPhone9,1|15A421
11.0.2|iPhone9,2|15A421
11.0.2|iPhone9,3|15A421
11.0.2|iPhone9,4|15A421
11.0.2|iPod7,1|15A421
11.0.3|iPad4,1|15A432
11.0.3|iPad4,2|15A432
11.0.3|iPad4,3|15A432
11.0.3|iPad4,4|15A432
11.0.3|iPad4,5|15A432
11.0.3|iPad4,6|15A432
11.0.3|iPad4,7|15A432
11.0.3|iPad4,8|15A432
11.0.3|iPad4,9|15A432
11.0.3|iPad5,1|15A432
11.0.3|iPad5,2|15A432
11.0.3|iPad5,3|15A432
11.0.3|iPad5,4|15A432
11.0.3|iPad6,11|15A432
11.0.3|iPad6,12|15A432
11.0.3|iPad6,3|15A432
11.0.3|iPad6,4|15A432
11.0.3|iPad6,7|15A432
11.0.3|iPad6,8|15A432
11.0.3|iPad7,1|15A432
11.0.3|iPad7,2|15A432
11.0.3|iPad7,3|15A432
11.0.3|iPad7,4|15A432
11.0.3|iPhone10,1|15A432
11.0.3|iPhone10,2|15A432
11.0.3|iPhone10,4|15A432
11.0.3|iPhone10,5|15A432
11.0.3|iPhone6,1|15A432
11.0.3|iPhone6,2|15A432
11.0.3|iPhone7,1|15A432
11.0.3|iPhone7,2|15A432
11.0.3|iPhone8,1|15A432
11.0.3|iPhone8,2|15A432
11.0.3|iPhone8,4|15A432
11.0.3|iPhone9,1|15A432
11.0.3|iPhone9,2|15A432
11.0.3|iPhone9,3|15A432
11.0.3|iPhone9,4|15A432
11.0.3|iPod7,1|15A432
11.0|AppleTV5,3|15J381
11.0|iPad4,1|15A372
11.0|iPad4,2|15A372
11.0|iPad4,3|15A372
11.0|iPad4,4|15A372
11.0|iPad4,5|15A372
11.0|iPad4,6|15A372
11.0|iPad4,7|15A372
11.0|iPad4,8|15A372
11.0|iPad4,9|15A372
11.0|iPad5,1|15A372
11.0|iPad5,2|15A372
11.0|iPad5,3|15A372
11.0|iPad5,4|15A372
11.0|iPad6,11|15A372
11.0|iPad6,12|15A372
11.0|iPad6,3|15A372
11.0|iPad6,4|15A372
11.0|iPad6,7|15A372
11.0|iPad6,8|15A372
11.0|iPad7,1|15A372
11.0|iPad7,2|15A372
11.0|iPad7,3|15A372
11.0|iPad7,4|15A372
11.0|iPhone10,1|15A372
11.0|iPhone10,2|15A372
11.0|iPhone10,4|15A372
11.0|iPhone10,5|15A372
11.0|iPhone6,1|15A372
11.0|iPhone6,2|15A372
11.0|iPhone7,1|15A372
11.0|iPhone7,2|15A372
11.0|iPhone8,1|15A372
11.0|iPhone8,2|15A372
11.0|iPhone8,4|15A372
11.0|iPhone9,1|15A372
11.0|iPhone9,2|15A372
11.0|iPhone9,3|15A372
11.0|iPhone9,4|15A372
11.0|iPod7,1|15A372
11.1.1|iPad4,1|15B150
11.1.1|iPad4,2|15B150
11.1.1|iPad4,3|15B150
11.1.1|iPad4,4|15B150
11.1.1|iPad4,5|15B150
11.1.1|iPad4,6|15B150
11.1.1|iPad4,7|15B150
11.1.1|iPad4,8|15B150
11.1.1|iPad4,9|15B150
11.1.1|iPad5,1|15B150
11.1.1|iPad5,2|15B150
11.1.1|iPad5,3|15B150
11.1.1|iPad5,4|15B150
11.1.1|iPad6,11|15B150
11.1.1|iPad6,12|15B150
11.1.1|iPad6,3|15B150
11.1.1|iPad6,4|15B150
11.1.1|iPad6,7|15B150
11.1.1|iPad6,8|15B150
11.1.1|iPad7,1|15B150
11.1.1|iPad7,2|15B150
11.1.1|iPad7,3|15B150
11.1.1|iPad7,4|15B150
11.1.1|iPhone10,1|15B150
11.1.1|iPhone10,2|15B150
11.1.1|iPhone10,3|15B150
11.1.1|iPhone10,4|15B150
11.1.1|iPhone10,5|15B150
11.1.1|iPhone10,6|15B150
11.1.1|iPhone6,1|15B150
11.1.1|iPhone6,2|15B150
11.1.1|iPhone7,1|15B150
11.1.1|iPhone7,2|15B150
11.1.1|iPhone8,1|15B150
11.1.1|iPhone8,2|15B150
11.1.1|iPhone8,4|15B150
11.1.1|iPhone9,1|15B150
11.1.1|iPhone9,2|15B150
11.1.1|iPhone9,3|15B150
11.1.1|iPhone9,4|15B150
11.1.1|iPod7,1|15B150
11.1.2|iPad4,1|15B202
11.1.2|iPad4,2|15B202
11.1.2|iPad4,3|15B202
11.1.2|iPad4,4|15B202
11.1.2|iPad4,5|15B202
11.1.2|iPad4,6|15B202
11.1.2|iPad4,7|15B202
11.1.2|iPad4,8|15B202
11.1.2|iPad4,9|15B202
11.1.2|iPad5,1|15B202
11.1.2|iPad5,2|15B202
11.1.2|iPad5,3|15B202
11.1.2|iPad5,4|15B202
11.1.2|iPad6,11|15B202
11.1.2|iPad6,12|15B202
11.1.2|iPad6,3|15B202
11.1.2|iPad6,4|15B202
11.1.2|iPad6,7|15B202
11.1.2|iPad6,8|15B202
11.1.2|iPad7,1|15B202
11.1.2|iPad7,2|15B202
11.1.2|iPad7,3|15B202
11.1.2|iPad7,4|15B202
11.1.2|iPhone10,1|15B202
11.1.2|iPhone10,2|15B202
11.1.2|iPhone10,3|15B202
11.1.2|iPhone10,4|15B202
11.1.2|iPhone10,5|15B202
11.1.2|iPhone10,6|15B202
11.1.2|iPhone6,1|15B202
11.1.2|iPhone6,2|15B202
11.1.2|iPhone7,1|15B202
11.1.2|iPhone7,2|15B202
11.1.2|iPhone8,1|15B202
11.1.2|iPhone8,2|15B202
11.1.2|iPhone8,4|15B202
11.1.2|iPhone9,1|15B202
11.1.2|iPhone9,2|15B202
11.1.2|iPhone9,3|15B202
11.1.2|iPhone9,4|15B202
11.1.2|iPod7,1|15B202
11.1|AppleTV5,3|15J582
11.1|iPad4,1|15B93
11.1|iPad4,2|15B93
11.1|iPad4,3|15B93
11.1|iPad4,4|15B93
11.1|iPad4,5|15B93
11.1|iPad4,6|15B93
11.1|iPad4,7|15B93
11.1|iPad4,8|15B93
11.1|iPad4,9|15B93
11.1|iPad5,1|15B93
11.1|iPad5,2|15B93
11.1|iPad5,3|15B93
11.1|iPad5,4|15B93
11.1|iPad6,11|15B93
11.1|iPad6,12|15B93
11.1|iPad6,3|15B93
11.1|iPad6,4|15B93
11.1|iPad6,7|15B93
11.1|iPad6,8|15B93
11.1|iPad7,1|15B101
11.1|iPad7,2|15B101
11.1|iPad7,3|15B101
11.1|iPad7,4|15B101
11.1|iPhone10,1|15B93
11.1|iPhone10,2|15B93
11.1|iPhone10,3|15B93
11.1|iPhone10,4|15B93
11.1|iPhone10,5|15B93
11.1|iPhone10,6|15B93
11.1|iPhone6,1|15B93
11.1|iPhone6,2|15B93
11.1|iPhone7,1|15B93
11.1|iPhone7,2|15B93
11.1|iPhone8,1|15B93
11.1|iPhone8,2|15B93
11.1|iPhone8,4|15B93
11.1|iPhone9,1|15B93
11.1|iPhone9,2|15B93
11.1|iPhone9,3|15B93
11.1|iPhone9,4|15B93
11.1|iPod7,1|15B93
11.2.1|AppleTV5,3|15K152
11.2.1|iPad4,1|15C153
11.2.1|iPad4,2|15C153
11.2.1|iPad4,3|15C153
11.2.1|iPad4,4|15C153
11.2.1|iPad4,5|15C153
11.2.1|iPad4,6|15C153
11.2.1|iPad4,7|15C153
11.2.1|iPad4,8|15C153
11.2.1|iPad4,9|15C153
11.2.1|iPad5,1|15C153
11.2.1|iPad5,2|15C153
11.2.1|iPad5,3|15C153
11.2.1|iPad5,4|15C153
11.2.1|iPad6,11|15C153
11.2.1|iPad6,12|15C153
11.2.1|iPad6,3|15C153
11.2.1|iPad6,4|15C153
11.2.1|iPad6,7|15C153
11.2.1|iPad6,8|15C153
11.2.1|iPad7,1|15C153
11.2.1|iPad7,2|15C153
11.2.1|iPad7,3|15C153
11.2.1|iPad7,4|15C153
11.2.1|iPhone10,1|15C153
11.2.1|iPhone10,2|15C153
11.2.1|iPhone10,3|15C153
11.2.1|iPhone10,4|15C153
11.2.1|iPhone10,5|15C153
11.2.1|iPhone10,6|15C153
11.2.1|iPhone6,1|15C153
11.2.1|iPhone6,2|15C153
11.2.1|iPhone7,1|15C153
11.2.1|iPhone7,2|15C153
11.2.1|iPhone8,1|15C153
11.2.1|iPhone8,2|15C153
11.2.1|iPhone8,4|15C153
11.2.1|iPhone9,1|15C153
11.2.1|iPhone9,2|15C153
11.2.1|iPhone9,3|15C153
11.2.1|iPhone9,4|15C153
11.2.1|iPod7,1|15C153
11.2.2|iPad4,1|15C202
11.2.2|iPad4,2|15C202
11.2.2|iPad4,3|15C202
11.2.2|iPad4,4|15C202
11.2.2|iPad4,5|15C202
11.2.2|iPad4,6|15C202
11.2.2|iPad4,7|15C202
11.2.2|iPad4,8|15C202
11.2.2|iPad4,9|15C202
11.2.2|iPad5,1|15C202
11.2.2|iPad5,2|15C202
11.2.2|iPad5,3|15C202
11.2.2|iPad5,4|15C202
11.2.2|iPad6,11|15C202
11.2.2|iPad6,12|15C202
11.2.2|iPad6,3|15C202
11.2.2|iPad6,4|15C202
11.2.2|iPad6,7|15C202
11.2.2|iPad6,8|15C202
11.2.2|iPad7,1|15C202
11.2.2|iPad7,2|15C202
11.2.2|iPad7,3|15C202
11.2.2|iPad7,4|15C202
11.2.2|iPhone10,1|15C202
11.2.2|iPhone10,2|15C202
11.2.2|iPhone10,3|15C202
11.2.2|iPhone10,4|15C202
11.2.2|iPhone10,5|15C202
11.2.2|iPhone10,6|15C202
11.2.2|iPhone6,1|15C202
11.2.2|iPhone6,2|15C202
11.2.2|iPhone7,1|15C202
11.2.2|iPhone7,2|15C202
11.2.2|iPhone8,1|15C202
11.2.2|iPhone8,2|15C202
11.2.2|iPhone8,4|15C202
11.2.2|iPhone9,1|15C202
11.2.2|iPhone9,2|15C202
11.2.2|iPhone9,3|15C202
11.2.2|iPhone9,4|15C202
11.2.2|iPod7,1|15C202
11.2.5|AppleTV5,3|15K552
11.2.5|iPad4,1|15D60
11.2.5|iPad4,2|15D60
11.2.5|iPad4,3|15D60
11.2.5|iPad4,4|15D60
11.2.5|iPad4,5|15D60
11.2.5|iPad4,6|15D60
11.2.5|iPad4,7|15D60
11.2.5|iPad4,8|15D60
11.2.5|iPad4,9|15D60
11.2.5|iPad5,1|15D60
11.2.5|iPad5,2|15D60
11.2.5|iPad5,3|15D60
11.2.5|iPad5,4|15D60
11.2.5|iPad6,11|15D60
11.2.5|iPad6,12|15D60
11.2.5|iPad6,3|15D60
11.2.5|iPad6,4|15D60
11.2.5|iPad6,7|15D60
11.2.5|iPad6,8|15D60
11.2.5|iPad7,1|15D60
11.2.5|iPad7,2|15D60
11.2.5|iPad7,3|15D60
11.2.5|iPad7,4|15D60
11.2.5|iPhone10,1|15D60
11.2.5|iPhone10,2|15D60
11.2.5|iPhone10,3|15D60
11.2.5|iPhone10,4|15D60
11.2.5|iPhone10,5|15D60
11.2.5|iPhone10,6|15D60
11.2.5|iPhone6,1|15D60
11.2.5|iPhone6,2|15D60
11.2.5|iPhone7,1|15D60
11.2.5|iPhone7,2|15D60
11.2.5|iPhone8,1|15D60
11.2.5|iPhone8,2|15D60
11.2.5|iPhone8,4|15D60
11.2.5|iPhone9,1|15D60
11.2.5|iPhone9,2|15D60
11.2.5|iPhone9,3|15D60
11.2.5|iPhone9,4|15D60
11.2.5|iPod7,1|15D60
11.2.6|AppleTV5,3|15K600
11.2.6|iPad4,1|15D100
11.2.6|iPad4,2|15D100
11.2.6|iPad4,3|15D100
11.2.6|iPad4,4|15D100
11.2.6|iPad4,5|15D100
11.2.6|iPad4,6|15D100
11.2.6|iPad4,7|15D100
11.2.6|iPad4,8|15D100
11.2.6|iPad4,9|15D100
11.2.6|iPad5,1|15D100
11.2.6|iPad5,2|15D100
11.2.6|iPad5,3|15D100
11.2.6|iPad5,4|15D100
11.2.6|iPad6,11|15D100
11.2.6|iPad6,12|15D100
11.2.6|iPad6,3|15D100
11.2.6|iPad6,4|15D100
11.2.6|iPad6,7|15D100
11.2.6|iPad6,8|15D100
11.2.6|iPad7,1|15D100
11.2.6|iPad7,2|15D100
11.2.6|iPad7,3|15D100
11.2.6|iPad7,4|15D100
11.2.6|iPhone10,1|15D100
11.2.6|iPhone10,2|15D100
11.2.6|iPhone10,3|15D100
11.2.6|iPhone10,4|15D100
11.2.6|iPhone10,5|15D100
11.2.6|iPhone10,6|15D100
11.2.6|iPhone6,1|15D100
11.2.6|iPhone6,2|15D100
11.2.6|iPhone7,1|15D100
11.2.6|iPhone7,2|15D100
11.2.6|iPhone8,1|15D100
11.2.6|iPhone8,2|15D100
11.2.6|iPhone8,4|15D100
11.2.6|iPhone9,1|15D100
11.2.6|iPhone9,2|15D100
11.2.6|iPhone9,3|15D100
11.2.6|iPhone9,4|15D100
11.2.6|iPod7,1|15D100
11.2|AppleTV5,3|15K106
11.2|iPad4,1|15C114
11.2|iPad4,2|15C114
11.2|iPad4,3|15C114
11.2|iPad4,4|15C114
11.2|iPad4,5|15C114
11.2|iPad4,6|15C114
11.2|iPad4,7|15C114
11.2|iPad4,8|15C114
11.2|iPad4,9|15C114
11.2|iPad5,1|15C114
11.2|iPad5,2|15C114
11.2|iPad5,3|15C114
11.2|iPad5,4|15C114
11.2|iPad6,11|15C114
11.2|iPad6,12|15C114
11.2|iPad6,3|15C114
11.2|iPad6,4|15C114
11.2|iPad6,7|15C114
11.2|iPad6,8|15C114
11.2|iPad7,1|15C114
11.2|iPad7,2|15C114
11.2|iPad7,3|15C114
11.2|iPad7,4|15C114
11.2|iPhone10,1|15C114
11.2|iPhone10,2|15C114
11.2|iPhone10,3|15C114
11.2|iPhone10,4|15C114
11.2|iPhone10,5|15C114
11.2|iPhone10,6|15C114
11.2|iPhone6,1|15C114
11.2|iPhone6,2|15C114
11.2|iPhone7,1|15C114
11.2|iPhone7,2|15C114
11.2|iPhone8,1|15C114
11.2|iPhone8,2|15C114
11.2|iPhone8,4|15C114
11.2|iPhone9,1|15C114
11.2|iPhone9,2|15C114
11.2|iPhone9,3|15C114
11.2|iPhone9,4|15C114
11.2|iPod7,1|15C114
11.3.1|iPad4,1|15E302
11.3.1|iPad4,2|15E302
11.3.1|iPad4,3|15E302
11.3.1|iPad4,4|15E302
11.3.1|iPad4,5|15E302
11.3.1|iPad4,6|15E302
11.3.1|iPad4,7|15E302
11.3.1|iPad4,8|15E302
11.3.1|iPad4,9|15E302
11.3.1|iPad5,1|15E302
11.3.1|iPad5,2|15E302
11.3.1|iPad5,3|15E302
11.3.1|iPad5,4|15E302
11.3.1|iPad6,11|15E302
11.3.1|iPad6,12|15E302
11.3.1|iPad6,3|15E302
11.3.1|iPad6,4|15E302
11.3.1|iPad6,7|15E302
11.3.1|iPad6,8|15E302
11.3.1|iPad7,1|15E302
11.3.1|iPad7,2|15E302
11.3.1|iPad7,3|15E302
11.3.1|iPad7,4|15E302
11.3.1|iPad7,5|15E302
11.3.1|iPad7,6|15E302
11.3.1|iPhone10,1|15E302
11.3.1|iPhone10,2|15E302
11.3.1|iPhone10,3|15E302
11.3.1|iPhone10,4|15E302
11.3.1|iPhone10,5|15E302
11.3.1|iPhone10,6|15E302
11.3.1|iPhone6,1|15E302
11.3.1|iPhone6,2|15E302
11.3.1|iPhone7,1|15E302
11.3.1|iPhone7,2|15E302
11.3.1|iPhone8,1|15E302
11.3.1|iPhone8,2|15E302
11.3.1|iPhone8,4|15E302
11.3.1|iPhone9,1|15E302
11.3.1|iPhone9,2|15E302
11.3.1|iPhone9,3|15E302
11.3.1|iPhone9,4|15E302
11.3.1|iPod7,1|15E302
11.3|AppleTV5,3|15L211
11.3|iPad4,1|15E216
11.3|iPad4,2|15E216
11.3|iPad4,3|15E216
11.3|iPad4,4|15E216
11.3|iPad4,5|15E216
11.3|iPad4,6|15E216
11.3|iPad4,7|15E216
11.3|iPad4,8|15E216
11.3|iPad4,9|15E216
11.3|iPad5,1|15E216
11.3|iPad5,2|15E216
11.3|iPad5,3|15E216
11.3|iPad5,4|15E216
11.3|iPad6,11|15E216
11.3|iPad6,12|15E216
11.3|iPad6,3|15E216
11.3|iPad6,4|15E216
11.3|iPad6,7|15E216
11.3|iPad6,8|15E216
11.3|iPad7,1|15E216
11.3|iPad7,2|15E216
11.3|iPad7,3|15E216
11.3|iPad7,4|15E216
11.3|iPad7,5|15E216
11.3|iPad7,6|15E218
11.3|iPhone10,1|15E216
11.3|iPhone10,2|15E216
11.3|iPhone10,3|15E216
11.3|iPhone10,4|15E216
11.3|iPhone10,5|15E216
11.3|iPhone10,6|15E216
11.3|iPhone6,1|15E216
11.3|iPhone6,2|15E216
11.3|iPhone7,1|15E216
11.3|iPhone7,2|15E216
11.3|iPhone8,1|15E216
11.3|iPhone8,2|15E216
11.3|iPhone8,4|15E216
11.3|iPhone9,1|15E216
11.3|iPhone9,2|15E216
11.3|iPhone9,3|15E216
11.3|iPhone9,4|15E216
11.3|iPod7,1|15E216
11.4.1|AppleTV5,3|15M73
11.4.1|iPad4,1|15G77
11.4.1|iPad4,2|15G77
11.4.1|iPad4,3|15G77
11.4.1|iPad4,4|15G77
11.4.1|iPad4,5|15G77
11.4.1|iPad4,6|15G77
11.4.1|iPad4,7|15G77
11.4.1|iPad4,8|15G77
11.4.1|iPad4,9|15G77
11.4.1|iPad5,1|15G77
11.4.1|iPad5,2|15G77
11.4.1|iPad5,3|15G77
11.4.1|iPad5,4|15G77
11.4.1|iPad6,11|15G77
11.4.1|iPad6,12|15G77
11.4.1|iPad6,3|15G77
11.4.1|iPad6,4|15G77
11.4.1|iPad6,7|15G77
11.4.1|iPad6,8|15G77
11.4.1|iPad7,1|15G77
11.4.1|iPad7,2|15G77
11.4.1|iPad7,3|15G77
11.4.1|iPad7,4|15G77
11.4.1|iPad7,5|15G77
11.4.1|iPad7,6|15G77
11.4.1|iPhone10,1|15G77
11.4.1|iPhone10,2|15G77
11.4.1|iPhone10,3|15G77
11.4.1|iPhone10,4|15G77
11.4.1|iPhone10,5|15G77
11.4.1|iPhone10,6|15G77
11.4.1|iPhone6,1|15G77
11.4.1|iPhone6,2|15G77
11.4.1|iPhone7,1|15G77
11.4.1|iPhone7,2|15G77
11.4.1|iPhone8,1|15G77
11.4.1|iPhone8,2|15G77
11.4.1|iPhone8,4|15G77
11.4.1|iPhone9,1|15G77
11.4.1|iPhone9,2|15G77
11.4.1|iPhone9,3|15G77
11.4.1|iPhone9,4|15G77
11.4.1|iPod7,1|15G77
11.4|AppleTV5,3|15L577
11.4|iPad4,1|15F79
11.4|iPad4,2|15F79
11.4|iPad4,3|15F79
11.4|iPad4,4|15F79
11.4|iPad4,5|15F79
11.4|iPad4,6|15F79
11.4|iPad4,7|15F79
11.4|iPad4,8|15F79
11.4|iPad4,9|15F79
11.4|iPad5,1|15F79
11.4|iPad5,2|15F79
11.4|iPad5,3|15F79
11.4|iPad5,4|15F79
11.4|iPad6,11|15F79
11.4|iPad6,12|15F79
11.4|iPad6,3|15F79
11.4|iPad6,4|15F79
11.4|iPad6,7|15F79
11.4|iPad6,8|15F79
11.4|iPad7,1|15F79
11.4|iPad7,2|15F79
11.4|iPad7,3|15F79
11.4|iPad7,4|15F79
11.4|iPad7,5|15F79
11.4|iPad7,6|15F79
11.4|iPhone10,1|15F79
11.4|iPhone10,2|15F79
11.4|iPhone10,3|15F79
11.4|iPhone10,4|15F79
11.4|iPhone10,5|15F79
11.4|iPhone10,6|15F79
11.4|iPhone6,1|15F79
11.4|iPhone6,2|15F79
11.4|iPhone7,1|15F79
11.4|iPhone7,2|15F79
11.4|iPhone8,1|15F79
11.4|iPhone8,2|15F79
11.4|iPhone8,4|15F79
11.4|iPhone9,1|15F79
11.4|iPhone9,2|15F79
11.4|iPhone9,3|15F79
11.4|iPhone9,4|15F79
11.4|iPod7,1|15F79
2.0.1|iPhone1,1|5B108
2.0.1|iPhone1,2|5B108
2.0.2|iPhone1,1|5C1
2.0.2|iPhone1,2|5C1
2.0|iPhone1,1|5A347
2.0|iPhone1,2|5A347
2.1.1|iPod2,1|5F138
2.1|iPhone1,1|5F136
2.1|iPhone1,2|5F136
2.2.1|iPhone1,1|5H11
2.2.1|iPhone1,2|5H11
2.2.1|iPod2,1|5H11a
2.2|iPhone1,1|5G77
2.2|iPhone1,2|5G77
2.2|iPod2,1|5G77a
3.0.1|iPhone1,1|7A400
3.0.1|iPhone1,2|7A400
3.0.1|iPhone2,1|7A400
3.0|iPhone1,1|7A341
3.0|iPhone1,2|7A341
3.0|iPhone2,1|7A341
3.1.2|iPhone1,1|7D11
3.1.2|iPhone1,2|7D11
3.1.2|iPhone2,1|7D11
3.1.2|iPod3,1|7D11
3.1.3|iPhone1,1|7E18
3.1.3|iPhone1,2|7E18
3.1.3|iPhone2,1|7E18
3.1.3|iPod3,1|7E18
3.1|iPhone1,1|7C144
3.1|iPhone1,2|7C144
3.1|iPhone2,1|7C144
3.2.1|iPad1,1|7B405
3.2.2|iPad1,1|7B500
3.2|iPad1,1|7B367
4.0.1|iPhone1,2|8A306
4.0.1|iPhone2,1|8A306
4.0.1|iPhone3,1|8A306
4.0.2|iPhone1,2|8A400
4.0.2|iPhone2,1|8A400
4.0.2|iPhone3,1|8A400
4.0.2|iPod2,1|8A400
4.0.2|iPod3,1|8A400
4.0|iPhone1,2|8A293
4.0|iPhone2,1|8A293
4.0|iPhone3,1|8A293
4.0|iPod2,1|8A293
4.0|iPod3,1|8A293
4.1|AppleTV2,1|8M89
4.1|iPhone1,2|8B117
4.1|iPhone2,1|8B117
4.1|iPhone3,1|8B117
4.1|iPod2,1|8B117
4.1|iPod3,1|8B117
4.1|iPod4,1|8B117
4.1|iPod4,1|8B118
4.2.10|iPhone3,3|8E600
4.2.1|AppleTV2,1|8C154
4.2.1|iPad1,1|8C148
4.2.1|iPhone1,2|8C148
4.2.1|iPhone2,1|8C148a
4.2.1|iPhone3,1|8C148
4.2.1|iPod2,1|8C148
4.2.1|iPod3,1|8C148
4.2.1|iPod4,1|8C148
4.2.6|iPhone3,3|8E200
4.2.7|iPhone3,3|8E303
4.2.8|iPhone3,3|8E401
4.2.9|iPhone3,3|8E501
4.2|AppleTV2,1|8C150
4.3.1|iPad1,1|8G4
4.3.1|iPad2,1|8G4
4.3.1|iPad2,2|8G4
4.3.1|iPad2,3|8G4
4.3.1|iPhone2,1|8G4
4.3.1|iPhone3,1|8G4
4.3.1|iPod3,1|8G4
4.3.1|iPod4,1|8G4
4.3.2|iPad1,1|8H7
4.3.2|iPad2,1|8H7
4.3.2|iPad2,2|8H7
4.3.2|iPad2,3|8H8
4.3.2|iPhone2,1|8H7
4.3.2|iPhone3,1|8H7
4.3.2|iPod3,1|8H7
4.3.2|iPod4,1|8H7
4.3.3|iPad1,1|8J3
4.3.3|iPad2,1|8J2
4.3.3|iPad2,2|8J2
4.3.3|iPad2,3|8J2
4.3.3|iPhone2,1|8J2
4.3.3|iPhone3,1|8J2
4.3.3|iPod3,1|8J2
4.3.3|iPod4,1|8J2
4.3.4|iPad1,1|8K2
4.3.4|iPad2,1|8K2
4.3.4|iPad2,2|8K2
4.3.4|iPad2,3|8K2
4.3.4|iPhone2,1|8K2
4.3.4|iPhone3,1|8K2
4.3.4|iPod3,1|8K2
4.3.4|iPod4,1|8K2
4.3.5|iPad1,1|8L1
4.3.5|iPad2,1|8L1
4.3.5|iPad2,2|8L1
4.3.5|iPad2,3|8L1
4.3.5|iPhone2,1|8L1
4.3.5|iPhone3,1|8L1
4.3.5|iPod3,1|8L1
4.3.5|iPod4,1|8L1
4.3|AppleTV2,1|8F191m
4.3|AppleTV2,1|8F202
4.3|AppleTV2,1|8F305
4.3|AppleTV2,1|8F455
4.3|iPad1,1|8F190
4.3|iPad2,1|8F191
4.3|iPad2,2|8F191
4.3|iPad2,3|8F191
4.3|iPhone2,1|8F190
4.3|iPhone3,1|8F190
4.3|iPod3,1|8F190
4.3|iPod4,1|8F190
5.0.1|AppleTV2,1|9A405l
5.0.1|AppleTV2,1|9A406a
5.0.1|iPad1,1|9A405
5.0.1|iPad2,1|9A405
5.0.1|iPad2,2|9A405
5.0.1|iPad2,3|9A405
5.0.1|iPhone2,1|9A405
5.0.1|iPhone3,1|9A405
5.0.1|iPhone3,3|9A405
5.0.1|iPhone4,1|9A405
5.0.1|iPhone4,1|9A406
5.0.1|iPod3,1|9A405
5.0.1|iPod4,1|9A405
5.0|AppleTV2,1|9A334v
5.0|AppleTV2,1|9A335a
5.0|AppleTV2,1|9A336a
5.0|iPad1,1|9A334
5.0|iPad2,1|9A334
5.0|iPad2,2|9A334
5.0|iPad2,3|9A334
5.0|iPhone2,1|9A334
5.0|iPhone3,1|9A334
5.0|iPhone3,3|9A334
5.0|iPhone4,1|9A334
5.0|iPod3,1|9A334
5.0|iPod4,1|9A334
5.1.1|AppleTV2,1|9B206f
5.1.1|AppleTV2,1|9B830
5.1.1|AppleTV3,1|9B206f
5.1.1|AppleTV3,1|9B830
5.1.1|iPad1,1|9B206
5.1.1|iPad2,1|9B206
5.1.1|iPad2,2|9B206
5.1.1|iPad2,3|9B206
5.1.1|iPad2,4|9B206
5.1.1|iPad3,1|9B206
5.1.1|iPad3,2|9B206
5.1.1|iPad3,3|9B206
5.1.1|iPhone2,1|9B206
5.1.1|iPhone3,1|9B206
5.1.1|iPhone3,1|9B208
5.1.1|iPhone3,3|9B206
5.1.1|iPhone4,1|9B206
5.1.1|iPod3,1|9B206
5.1.1|iPod4,1|9B206
5.1|AppleTV2,1|9B179b
5.1|AppleTV3,1|9B179b
5.1|iPad1,1|9B176
5.1|iPad2,1|9B176
5.1|iPad2,2|9B176
5.1|iPad2,3|9B176
5.1|iPad2,4|9B176
5.1|iPad3,1|9B176
5.1|iPad3,2|9B176
5.1|iPad3,3|9B176
5.1|iPhone2,1|9B176
5.1|iPhone3,1|9B176
5.1|iPhone3,3|9B176
5.1|iPhone4,1|9B179
5.1|iPod3,1|9B176
5.1|iPod4,1|9B176
6.0.1|AppleTV2,1|10A831
6.0.1|AppleTV3,1|10A831
6.0.1|iPad2,1|10A523
6.0.1|iPad2,2|10A523
6.0.1|iPad2,3|10A523
6.0.1|iPad2,4|10A523
6.0.1|iPad2,5|10A523
6.0.1|iPad2,6|10A8426
6.0.1|iPad2,7|10A8426
6.0.1|iPad3,1|10A523
6.0.1|iPad3,2|10A523
6.0.1|iPad3,3|10A523
6.0.1|iPad3,4|10A523
6.0.1|iPad3,5|10A8426
6.0.1|iPad3,6|10A8426
6.0.1|iPhone2,1|10A523
6.0.1|iPhone3,1|10A523
6.0.1|iPhone3,2|10A523
6.0.1|iPhone3,3|10A523
6.0.1|iPhone4,1|10A523
6.0.1|iPhone5,1|10A525
6.0.1|iPhone5,2|10A525
6.0.1|iPod4,1|10A523
6.0.1|iPod5,1|10A523
6.0.2|iPad2,5|10A550
6.0.2|iPad2,6|10A8500
6.0.2|iPad2,7|10A8500
6.0.2|iPhone5,1|10A551
6.0.2|iPhone5,2|10A551
6.0|AppleTV2,1|10A406e
6.0|AppleTV3,1|10A406e
6.0|iPad2,1|10A403
6.0|iPad2,2|10A403
6.0|iPad2,3|10A403
6.0|iPad2,4|10A403
6.0|iPad2,5|10A406
6.0|iPad3,1|10A403
6.0|iPad3,2|10A403
6.0|iPad3,3|10A403
6.0|iPad3,4|10A407
6.0|iPhone2,1|10A403
6.0|iPhone3,1|10A403
6.0|iPhone3,2|10A403
6.0|iPhone3,3|10A403
6.0|iPhone4,1|10A403
6.0|iPhone5,1|10A405
6.0|iPhone5,2|10A405
6.0|iPod4,1|10A403
6.0|iPod5,1|10A406
6.1.1|iPhone4,1|10B145
6.1.2|iPad2,1|10B146
6.1.2|iPad2,2|10B146
6.1.2|iPad2,3|10B146
6.1.2|iPad2,4|10B146
6.1.2|iPad2,5|10B146
6.1.2|iPad2,6|10B147
6.1.2|iPad2,7|10B147
6.1.2|iPad3,1|10B146
6.1.2|iPad3,2|10B146
6.1.2|iPad3,3|10B146
6.1.2|iPad3,4|10B146
6.1.2|iPad3,5|10B147
6.1.2|iPad3,6|10B147
6.1.2|iPhone2,1|10B146
6.1.2|iPhone3,1|10B146
6.1.2|iPhone3,2|10B146
6.1.2|iPhone3,3|10B146
6.1.2|iPhone4,1|10B146
6.1.2|iPhone5,1|10B146
6.1.2|iPhone5,2|10B146
6.1.2|iPod4,1|10B146
6.1.2|iPod5,1|10B146
6.1.3|AppleTV2,1|10B329a
6.1.3|AppleTV3,1|10B329a
6.1.3|AppleTV3,2|10B329a
6.1.3|iPad2,1|10B329
6.1.3|iPad2,2|10B329
6.1.3|iPad2,3|10B329
6.1.3|iPad2,4|10B329
6.1.3|iPad2,5|10B329
6.1.3|iPad2,6|10B329
6.1.3|iPad2,7|10B329
6.1.3|iPad3,1|10B329
6.1.3|iPad3,2|10B329
6.1.3|iPad3,3|10B329
6.1.3|iPad3,4|10B329
6.1.3|iPad3,5|10B329
6.1.3|iPad3,6|10B329
6.1.3|iPhone2,1|10B329
6.1.3|iPhone3,1|10B329
6.1.3|iPhone3,2|10B329
6.1.3|iPhone3,3|10B329
6.1.3|iPhone4,1|10B329
6.1.3|iPhone5,1|10B329
6.1.3|iPhone5,2|10B329
6.1.3|iPod4,1|10B329
6.1.3|iPod5,1|10B329
6.1.4|AppleTV2,1|10B809
6.1.4|AppleTV3,1|10B809
6.1.4|AppleTV3,2|10B809
6.1.4|iPhone5,1|10B350
6.1.4|iPhone5,2|10B350
6.1.5|iPod4,1|10B400
6.1.6|iPhone2,1|10B500
6.1.6|iPod4,1|10B500
6.1|AppleTV2,1|10B144b
6.1|AppleTV3,1|10B144b
6.1|AppleTV3,2|10B144b
6.1|iPad2,1|10B141
6.1|iPad2,2|10B141
6.1|iPad2,3|10B141
6.1|iPad2,4|10B141
6.1|iPad2,5|10B141
6.1|iPad2,6|10B141
6.1|iPad2,7|10B141
6.1|iPad3,1|10B141
6.1|iPad3,2|10B141
6.1|iPad3,3|10B141
6.1|iPad3,4|10B141
6.1|iPad3,5|10B141
6.1|iPad3,6|10B141
6.1|iPhone2,1|10B141
6.1|iPhone3,1|10B144
6.1|iPhone3,2|10B144
6.1|iPhone3,3|10B141
6.1|iPhone4,1|10B142
6.1|iPhone5,1|10B143
6.1|iPhone5,2|10B143
6.1|iPod4,1|10B144
6.1|iPod5,1|10B141
7.0.1|AppleTV2,1|11A470e
7.0.1|AppleTV3,1|11A470e
7.0.1|AppleTV3,2|11A470e
7.0.1|iPhone5,3|11A470a
7.0.1|iPhone5,4|11A470a
7.0.1|iPhone6,1|11A470a
7.0.1|iPhone6,2|11A470a
7.0.2|AppleTV2,1|11A502
7.0.2|AppleTV3,1|11A502
7.0.2|AppleTV3,2|11A502
7.0.2|iPad2,1|11A501
7.0.2|iPad2,2|11A501
7.0.2|iPad2,3|11A501
7.0.2|iPad2,4|11A501
7.0.2|iPad2,5|11A501
7.0.2|iPad2,6|11A501
7.0.2|iPad2,7|11A501
7.0.2|iPad3,1|11A501
7.0.2|iPad3,2|11A501
7.0.2|iPad3,3|11A501
7.0.2|iPad3,4|11A501
7.0.2|iPad3,5|11A501
7.0.2|iPad3,6|11A501
7.0.2|iPhone3,1|11A501
7.0.2|iPhone3,2|11A501
7.0.2|iPhone3,3|11A501
7.0.2|iPhone4,1|11A501
7.0.2|iPhone5,1|11A501
7.0.2|iPhone5,2|11A501
7.0.2|iPhone5,3|11A501
7.0.2|iPhone5,4|11A501
7.0.2|iPhone6,1|11A501
7.0.2|iPhone6,2|11A501
7.0.2|iPod5,1|11A501
7.0.3|AppleTV2,1|11B511d
7.0.3|AppleTV3,1|11B511d
7.0.3|AppleTV3,2|11B511d
7.0.3|iPad2,1|11B511
7.0.3|iPad2,2|11B511
7.0.3|iPad2,3|11B511
7.0.3|iPad2,4|11B511
7.0.3|iPad2,5|11B511
7.0.3|iPad2,6|11B511
7.0.3|iPad2,7|11B511
7.0.3|iPad3,1|11B511
7.0.3|iPad3,2|11B511
7.0.3|iPad3,3|11B511
7.0.3|iPad3,4|11B511
7.0.3|iPad3,5|11B511
7.0.3|iPad3,6|11B511
7.0.3|iPad4,1|11B511
7.0.3|iPad4,2|11B511
7.0.3|iPad4,4|11B511
7.0.3|iPad4,5|11B511
7.0.3|iPhone3,1|11B511
7.0.3|iPhone3,2|11B511
7.0.3|iPhone3,3|11B511
7.0.3|iPhone4,1|11B511
7.0.3|iPhone5,1|11B511
7.0.3|iPhone5,2|11B511
7.0.3|iPhone5,3|11B511
7.0.3|iPhone5,4|11B511
7.0.3|iPhone6,1|11B511
7.0.3|iPhone6,2|11B511
7.0.3|iPod5,1|11B511
7.0.4|AppleTV2,1|11B554a
7.0.4|AppleTV3,1|11B554a
7.0.4|AppleTV3,2|11B554a
7.0.4|iPad2,1|11B554a
7.0.4|iPad2,2|11B554a
7.0.4|iPad2,3|11B554a
7.0.4|iPad2,4|11B554a
7.0.4|iPad2,5|11B554a
7.0.4|iPad2,6|11B554a
7.0.4|iPad2,7|11B554a
7.0.4|iPad3,1|11B554a
7.0.4|iPad3,2|11B554a
7.0.4|iPad3,3|11B554a
7.0.4|iPad3,4|11B554a
7.0.4|iPad3,5|11B554a
7.0.4|iPad3,6|11B554a
7.0.4|iPad4,1|11B554a
7.0.4|iPad4,2|11B554a
7.0.4|iPad4,4|11B554a
7.0.4|iPad4,5|11B554a
7.0.4|iPhone3,1|11B554a
7.0.4|iPhone3,2|11B554a
7.0.4|iPhone3,3|11B554a
7.0.4|iPhone4,1|11B554a
7.0.4|iPhone5,1|11B554a
7.0.4|iPhone5,2|11B554a
7.0.4|iPhone5,3|11B554a
7.0.4|iPhone5,4|11B554a
7.0.4|iPhone6,1|11B554a
7.0.4|iPhone6,2|11B554a
7.0.4|iPod5,1|11B554a
7.0.5|iPhone5,4|11B601
7.0.5|iPhone6,2|11B601
7.0.6|AppleTV2,1|11B651
7.0.6|AppleTV3,1|11B651
7.0.6|AppleTV3,2|11B651
7.0.6|iPad2,1|11B651
7.0.6|iPad2,2|11B651
7.0.6|iPad2,3|11B651
7.0.6|iPad2,4|11B651
7.0.6|iPad2,5|11B651
7.0.6|iPad2,6|11B651
7.0.6|iPad2,7|11B651
7.0.6|iPad3,1|11B651
7.0.6|iPad3,2|11B651
7.0.6|iPad3,3|11B651
7.0.6|iPad3,4|11B651
7.0.6|iPad3,5|11B651
7.0.6|iPad3,6|11B651
7.0.6|iPad4,1|11B651
7.0.6|iPad4,2|11B651
7.0.6|iPad4,4|11B651
7.0.6|iPad4,5|11B651
7.0.6|iPhone3,1|11B651
7.0.6|iPhone3,2|11B651
7.0.6|iPhone3,3|11B651
7.0.6|iPhone4,1|11B651
7.0.6|iPhone5,1|11B651
7.0.6|iPhone5,2|11B651
7.0.6|iPhone5,3|11B651
7.0.6|iPhone5,4|11B651
7.0.6|iPhone6,1|11B651
7.0.6|iPhone6,2|11B651
7.0.6|iPod5,1|11B651
7.0|iPad2,1|11A465
7.0|iPad2,2|11A465
7.0|iPad2,3|11A465
7.0|iPad2,4|11A465
7.0|iPad2,5|11A465
7.0|iPad2,6|11A465
7.0|iPad2,7|11A465
7.0|iPad3,1|11A465
7.0|iPad3,2|11A465
7.0|iPad3,3|11A465
7.0|iPad3,4|11A465
7.0|iPad3,5|11A465
7.0|iPad3,6|11A465
7.0|iPhone3,1|11A465
7.0|iPhone3,2|11A465
7.0|iPhone3,3|11A465
7.0|iPhone4,1|11A465
7.0|iPhone5,1|11A465
7.0|iPhone5,2|11A465
7.0|iPod5,1|11A465
7.1.1|AppleTV2,1|11D201c
7.1.1|AppleTV3,1|11D201c
7.1.1|AppleTV3,2|11D201c
7.1.1|iPad2,1|11D201
7.1.1|iPad2,2|11D201
7.1.1|iPad2,3|11D201
7.1.1|iPad2,4|11D201
7.1.1|iPad2,5|11D201
7.1.1|iPad2,6|11D201
7.1.1|iPad2,7|11D201
7.1.1|iPad3,1|11D201
7.1.1|iPad3,2|11D201
7.1.1|iPad3,3|11D201
7.1.1|iPad3,4|11D201
7.1.1|iPad3,5|11D201
7.1.1|iPad3,6|11D201
7.1.1|iPad4,1|11D201
7.1.1|iPad4,2|11D201
7.1.1|iPad4,3|11D201
7.1.1|iPad4,4|11D201
7.1.1|iPad4,5|11D201
7.1.1|iPad4,6|11D201
7.1.1|iPhone3,1|11D201
7.1.1|iPhone3,2|11D201
7.1.1|iPhone3,3|11D201
7.1.1|iPhone4,1|11D201
7.1.1|iPhone5,1|11D201
7.1.1|iPhone5,2|11D201
7.1.1|iPhone5,3|11D201
7.1.1|iPhone5,4|11D201
7.1.1|iPhone6,1|11D201
7.1.1|iPhone6,2|11D201
7.1.1|iPod5,1|11D201
7.1.2|AppleTV2,1|11D257c
7.1.2|AppleTV2,1|11D258
7.1.2|AppleTV3,1|11D257c
7.1.2|AppleTV3,2|11D257c
7.1.2|iPad2,1|11D257
7.1.2|iPad2,2|11D257
7.1.2|iPad2,3|11D257
7.1.2|iPad2,4|11D257
7.1.2|iPad2,5|11D257
7.1.2|iPad2,6|11D257
7.1.2|iPad2,7|11D257
7.1.2|iPad3,1|11D257
7.1.2|iPad3,2|11D257
7.1.2|iPad3,3|11D257
7.1.2|iPad3,4|11D257
7.1.2|iPad3,5|11D257
7.1.2|iPad3,6|11D257
7.1.2|iPad4,1|11D257
7.1.2|iPad4,2|11D257
7.1.2|iPad4,3|11D257
7.1.2|iPad4,4|11D257
7.1.2|iPad4,5|11D257
7.1.2|iPad4,6|11D257
7.1.2|iPhone3,1|11D257
7.1.2|iPhone3,2|11D257
7.1.2|iPhone3,3|11D257
7.1.2|iPhone4,1|11D257
7.1.2|iPhone5,1|11D257
7.1.2|iPhone5,2|11D257
7.1.2|iPhone5,3|11D257
7.1.2|iPhone5,4|11D257
7.1.2|iPhone6,1|11D257
7.1.2|iPhone6,2|11D257
7.1.2|iPod5,1|11D257
7.1|AppleTV2,1|11D169b
7.1|AppleTV3,1|11D169b
7.1|AppleTV3,2|11D169b
7.1|iPad2,1|11D167
7.1|iPad2,2|11D167
7.1|iPad2,3|11D167
7.1|iPad2,4|11D167
7.1|iPad2,5|11D167
7.1|iPad2,6|11D167
7.1|iPad2,7|11D167
7.1|iPad3,1|11D167
7.1|iPad3,2|11D167
7.1|iPad3,3|11D167
7.1|iPad3,4|11D167
7.1|iPad3,5|11D167
7.1|iPad3,6|11D167
7.1|iPad4,1|11D167
7.1|iPad4,2|11D167
7.1|iPad4,3|11D167
7.1|iPad4,4|11D167
7.1|iPad4,5|11D167
7.1|iPad4,6|11D167
7.1|iPhone3,1|11D169
7.1|iPhone3,2|11D169
7.1|iPhone3,3|11D167
7.1|iPhone4,1|11D167
7.1|iPhone5,1|11D167
7.1|iPhone5,2|11D167
7.1|iPhone5,3|11D167
7.1|iPhone5,4|11D167
7.1|iPhone6,1|11D167
7.1|iPhone6,2|11D167
7.1|iPod5,1|11D167
8.0.1|iPad2,1|12A402
8.0.1|iPad2,2|12A402
8.0.1|iPad2,3|12A402
8.0.1|iPad2,4|12A402
8.0.1|iPad2,5|12A402
8.0.1|iPad2,6|12A402
8.0.1|iPad2,7|12A402
8.0.1|iPad3,1|12A402
8.0.1|iPad3,2|12A402
8.0.1|iPad3,3|12A402
8.0.1|iPad3,4|12A402
8.0.1|iPad3,5|12A402
8.0.1|iPad3,6|12A402
8.0.1|iPad4,1|12A402
8.0.1|iPad4,2|12A402
8.0.1|iPad4,3|12A402
8.0.1|iPad4,4|12A402
8.0.1|iPad4,5|12A402
8.0.1|iPad4,6|12A402
8.0.1|iPhone4,1|12A402
8.0.1|iPhone5,1|12A402
8.0.1|iPhone5,2|12A402
8.0.1|iPhone5,3|12A402
8.0.1|iPhone5,4|12A402
8.0.1|iPhone6,1|12A402
8.0.1|iPhone6,2|12A402
8.0.1|iPhone7,1|12A402
8.0.1|iPhone7,2|12A402
8.0.1|iPod5,1|12A402
8.0.2|iPad2,1|12A405
8.0.2|iPad2,2|12A405
8.0.2|iPad2,3|12A405
8.0.2|iPad2,4|12A405
8.0.2|iPad2,5|12A405
8.0.2|iPad2,6|12A405
8.0.2|iPad2,7|12A405
8.0.2|iPad3,1|12A405
8.0.2|iPad3,2|12A405
8.0.2|iPad3,3|12A405
8.0.2|iPad3,4|12A405
8.0.2|iPad3,5|12A405
8.0.2|iPad3,6|12A405
8.0.2|iPad4,1|12A405
8.0.2|iPad4,2|12A405
8.0.2|iPad4,3|12A405
8.0.2|iPad4,4|12A405
8.0.2|iPad4,5|12A405
8.0.2|iPad4,6|12A405
8.0.2|iPhone4,1|12A405
8.0.2|iPhone5,1|12A405
8.0.2|iPhone5,2|12A405
8.0.2|iPhone5,3|12A405
8.0.2|iPhone5,4|12A405
8.0.2|iPhone6,1|12A405
8.0.2|iPhone6,2|12A405
8.0.2|iPhone7,1|12A405
8.0.2|iPhone7,2|12A405
8.0.2|iPod5,1|12A405
8.0|AppleTV3,1|12A365b
8.0|AppleTV3,2|12A365b
8.0|iPad2,1|12A365
8.0|iPad2,2|12A365
8.0|iPad2,3|12A365
8.0|iPad2,4|12A365
8.0|iPad2,5|12A365
8.0|iPad2,6|12A365
8.0|iPad2,7|12A365
8.0|iPad3,1|12A365
8.0|iPad3,2|12A365
8.0|iPad3,3|12A365
8.0|iPad3,4|12A365
8.0|iPad3,5|12A365
8.0|iPad3,6|12A365
8.0|iPad4,1|12A365
8.0|iPad4,2|12A365
8.0|iPad4,3|12A365
8.0|iPad4,4|12A365
8.0|iPad4,5|12A365
8.0|iPad4,6|12A365
8.0|iPhone4,1|12A365
8.0|iPhone5,1|12A365
8.0|iPhone5,2|12A365
8.0|iPhone5,3|12A365
8.0|iPhone5,4|12A365
8.0|iPhone6,1|12A365
8.0|iPhone6,2|12A365
8.0|iPhone7,1|12A366
8.0|iPhone7,2|12A365
8.0|iPod5,1|12A365
8.1.1|AppleTV3,1|12B435
8.1.1|AppleTV3,2|12B435
8.1.1|iPad2,1|12B435
8.1.1|iPad2,2|12B435
8.1.1|iPad2,3|12B435
8.1.1|iPad2,4|12B435
8.1.1|iPad2,5|12B435
8.1.1|iPad2,6|12B435
8.1.1|iPad2,7|12B435
8.1.1|iPad3,1|12B435
8.1.1|iPad3,2|12B435
8.1.1|iPad3,3|12B435
8.1.1|iPad3,4|12B435
8.1.1|iPad3,5|12B435
8.1.1|iPad3,6|12B435
8.1.1|iPad4,1|12B435
8.1.1|iPad4,2|12B435
8.1.1|iPad4,3|12B435
8.1.1|iPad4,4|12B435
8.1.1|iPad4,5|12B435
8.1.1|iPad4,6|12B435
8.1.1|iPad4,7|12B436
8.1.1|iPad4,8|12B436
8.1.1|iPad4,9|12B436
8.1.1|iPad5,3|12B436
8.1.1|iPad5,4|12B436
8.1.1|iPhone4,1|12B435
8.1.1|iPhone5,1|12B435
8.1.1|iPhone5,2|12B435
8.1.1|iPhone5,3|12B435
8.1.1|iPhone5,4|12B435
8.1.1|iPhone6,1|12B435
8.1.1|iPhone6,2|12B435
8.1.1|iPhone7,1|12B436
8.1.1|iPhone7,2|12B436
8.1.1|iPod5,1|12B435
8.1.2|iPad2,1|12B440
8.1.2|iPad2,2|12B440
8.1.2|iPad2,3|12B440
8.1.2|iPad2,4|12B440
8.1.2|iPad2,5|12B440
8.1.2|iPad2,6|12B440
8.1.2|iPad2,7|12B440
8.1.2|iPad3,1|12B440
8.1.2|iPad3,2|12B440
8.1.2|iPad3,3|12B440
8.1.2|iPad3,4|12B440
8.1.2|iPad3,5|12B440
8.1.2|iPad3,6|12B440
8.1.2|iPad4,1|12B440
8.1.2|iPad4,2|12B440
8.1.2|iPad4,3|12B440
8.1.2|iPad4,4|12B440
8.1.2|iPad4,5|12B440
8.1.2|iPad4,6|12B440
8.1.2|iPad4,7|12B440
8.1.2|iPad4,8|12B440
8.1.2|iPad4,9|12B440
8.1.2|iPad5,3|12B440
8.1.2|iPad5,4|12B440
8.1.2|iPhone4,1|12B440
8.1.2|iPhone5,1|12B440
8.1.2|iPhone5,2|12B440
8.1.2|iPhone5,3|12B440
8.1.2|iPhone5,4|12B440
8.1.2|iPhone6,1|12B440
8.1.2|iPhone6,2|12B440
8.1.2|iPhone7,1|12B440
8.1.2|iPhone7,2|12B440
8.1.2|iPod5,1|12B440
8.1.3|AppleTV3,1|12B466
8.1.3|AppleTV3,2|12B466
8.1.3|iPad2,1|12B466
8.1.3|iPad2,2|12B466
8.1.3|iPad2,3|12B466
8.1.3|iPad2,4|12B466
8.1.3|iPad2,5|12B466
8.1.3|iPad2,6|12B466
8.1.3|iPad2,7|12B466
8.1.3|iPad3,1|12B466
8.1.3|iPad3,2|12B466
8.1.3|iPad3,3|12B466
8.1.3|iPad3,4|12B466
8.1.3|iPad3,5|12B466
8.1.3|iPad3,6|12B466
8.1.3|iPad4,1|12B466
8.1.3|iPad4,2|12B466
8.1.3|iPad4,3|12B466
8.1.3|iPad4,4|12B466
8.1.3|iPad4,5|12B466
8.1.3|iPad4,6|12B466
8.1.3|iPad4,7|12B466
8.1.3|iPad4,8|12B466
8.1.3|iPad4,9|12B466
8.1.3|iPad5,3|12B466
8.1.3|iPad5,4|12B466
8.1.3|iPhone4,1|12B466
8.1.3|iPhone5,1|12B466
8.1.3|iPhone5,2|12B466
8.1.3|iPhone5,3|12B466
8.1.3|iPhone5,4|12B466
8.1.3|iPhone6,1|12B466
8.1.3|iPhone6,2|12B466
8.1.3|iPhone7,1|12B466
8.1.3|iPhone7,2|12B466
8.1.3|iPod5,1|12B466
8.1|AppleTV3,1|12B410a
8.1|AppleTV3,2|12B410a
8.1|iPad2,1|12B410
8.1|iPad2,2|12B410
8.1|iPad2,3|12B410
8.1|iPad2,4|12B410
8.1|iPad2,5|12B410
8.1|iPad2,6|12B410
8.1|iPad2,7|12B410
8.1|iPad3,1|12B410
8.1|iPad3,2|12B410
8.1|iPad3,3|12B410
8.1|iPad3,4|12B410
8.1|iPad3,5|12B410
8.1|iPad3,6|12B410
8.1|iPad4,1|12B410
8.1|iPad4,2|12B410
8.1|iPad4,3|12B410
8.1|iPad4,4|12B410
8.1|iPad4,5|12B410
8.1|iPad4,6|12B410
8.1|iPad4,7|12B410
8.1|iPad4,8|12B410
8.1|iPad4,9|12B410
8.1|iPad5,3|12B410
8.1|iPad5,4|12B410
8.1|iPhone4,1|12B411
8.1|iPhone5,1|12B411
8.1|iPhone5,2|12B411
8.1|iPhone5,3|12B411
8.1|iPhone5,4|12B411
8.1|iPhone6,1|12B411
8.1|iPhone6,2|12B411
8.1|iPhone7,1|12B411
8.1|iPhone7,2|12B411
8.1|iPod5,1|12B411
8.2|AppleTV3,1|12D508
8.2|AppleTV3,2|12D508
8.2|iPad2,1|12D508
8.2|iPad2,2|12D508
8.2|iPad2,3|12D508
8.2|iPad2,4|12D508
8.2|iPad2,5|12D508
8.2|iPad2,6|12D508
8.2|iPad2,7|12D508
8.2|iPad3,1|12D508
8.2|iPad3,2|12D508
8.2|iPad3,3|12D508
8.2|iPad3,4|12D508
8.2|iPad3,5|12D508
8.2|iPad3,6|12D508
8.2|iPad4,1|12D508
8.2|iPad4,2|12D508
8.2|iPad4,3|12D508
8.2|iPad4,4|12D508
8.2|iPad4,5|12D508
8.2|iPad4,6|12D508
8.2|iPad4,7|12D508
8.2|iPad4,8|12D508
8.2|iPad4,9|12D508
8.2|iPad5,3|12D508
8.2|iPad5,4|12D508
8.2|iPhone4,1|12D508
8.2|iPhone5,1|12D508
8.2|iPhone5,2|12D508
8.2|iPhone5,3|12D508
8.2|iPhone5,4|12D508
8.2|iPhone6,1|12D508
8.2|iPhone6,2|12D508
8.2|iPhone7,1|12D508
8.2|iPhone7,2|12D508
8.2|iPod5,1|12D508
8.3|AppleTV3,1|12F69
8.3|AppleTV3,2|12F69
8.3|iPad2,1|12F69
8.3|iPad2,2|12F69
8.3|iPad2,3|12F69
8.3|iPad2,4|12F69
8.3|iPad2,5|12F69
8.3|iPad2,6|12F69
8.3|iPad2,7|12F69
8.3|iPad3,1|12F69
8.3|iPad3,2|12F69
8.3|iPad3,3|12F69
8.3|iPad3,4|12F69
8.3|iPad3,5|12F69
8.3|iPad3,6|12F69
8.3|iPad4,1|12F69
8.3|iPad4,2|12F69
8.3|iPad4,3|12F69
8.3|iPad4,4|12F69
8.3|iPad4,5|12F69
8.3|iPad4,6|12F69
8.3|iPad4,7|12F69
8.3|iPad4,8|12F69
8.3|iPad4,9|12F69
8.3|iPad5,3|12F69
8.3|iPad5,4|12F69
8.3|iPhone4,1|12F70
8.3|iPhone5,1|12F70
8.3|iPhone5,2|12F70
8.3|iPhone5,3|12F70
8.3|iPhone5,4|12F70
8.3|iPhone6,1|12F70
8.3|iPhone6,2|12F70
8.3|iPhone7,1|12F70
8.3|iPhone7,2|12F70
8.3|iPod5,1|12F69
8.4.1|AppleTV3,1|12H523
8.4.1|AppleTV3,2|12H523
8.4.1|iPad2,1|12H321
8.4.1|iPad2,2|12H321
8.4.1|iPad2,3|12H321
8.4.1|iPad2,4|12H321
8.4.1|iPad2,5|12H321
8.4.1|iPad2,6|12H321
8.4.1|iPad2,7|12H321
8.4.1|iPad3,1|12H321
8.4.1|iPad3,2|12H321
8.4.1|iPad3,3|12H321
8.4.1|iPad3,4|12H321
8.4.1|iPad3,5|12H321
8.4.1|iPad3,6|12H321
8.4.1|iPad4,1|12H321
8.4.1|iPad4,2|12H321
8.4.1|iPad4,3|12H321
8.4.1|iPad4,4|12H321
8.4.1|iPad4,5|12H321
8.4.1|iPad4,6|12H321
8.4.1|iPad4,7|12H321
8.4.1|iPad4,8|12H321
8.4.1|iPad4,9|12H321
8.4.1|iPad5,3|12H321
8.4.1|iPad5,4|12H321
8.4.1|iPhone4,1|12H321
8.4.1|iPhone5,1|12H321
8.4.1|iPhone5,2|12H321
8.4.1|iPhone5,3|12H321
8.4.1|iPhone5,4|12H321
8.4.1|iPhone6,1|12H321
8.4.1|iPhone6,2|12H321
8.4.1|iPhone7,1|12H321
8.4.1|iPhone7,2|12H321
8.4.1|iPod5,1|12H321
8.4.1|iPod7,1|12H321
8.4|iPad2,1|12H143
8.4|iPad2,2|12H143
8.4|iPad2,3|12H143
8.4|iPad2,4|12H143
8.4|iPad2,5|12H143
8.4|iPad2,6|12H143
8.4|iPad2,7|12H143
8.4|iPad3,1|12H143
8.4|iPad3,2|12H143
8.4|iPad3,3|12H143
8.4|iPad3,4|12H143
8.4|iPad3,5|12H143
8.4|iPad3,6|12H143
8.4|iPad4,1|12H143
8.4|iPad4,2|12H143
8.4|iPad4,3|12H143
8.4|iPad4,4|12H143
8.4|iPad4,5|12H143
8.4|iPad4,6|12H143
8.4|iPad4,7|12H143
8.4|iPad4,8|12H143
8.4|iPad4,9|12H143
8.4|iPad5,3|12H143
8.4|iPad5,4|12H143
8.4|iPhone4,1|12H143
8.4|iPhone5,1|12H143
8.4|iPhone5,2|12H143
8.4|iPhone5,3|12H143
8.4|iPhone5,4|12H143
8.4|iPhone6,1|12H143
8.4|iPhone6,2|12H143
8.4|iPhone7,1|12H143
8.4|iPhone7,2|12H143
8.4|iPod5,1|12H143
8.4|iPod7,1|12H143
9.0.1|AppleTV5,3|13T402
9.0.1|iPad2,1|13A404
9.0.1|iPad2,2|13A404
9.0.1|iPad2,3|13A404
9.0.1|iPad2,4|13A404
9.0.1|iPad2,5|13A404
9.0.1|iPad2,6|13A404
9.0.1|iPad2,7|13A404
9.0.1|iPad3,1|13A404
9.0.1|iPad3,2|13A404
9.0.1|iPad3,3|13A404
9.0.1|iPad3,4|13A404
9.0.1|iPad3,5|13A404
9.0.1|iPad3,6|13A404
9.0.1|iPad4,1|13A404
9.0.1|iPad4,2|13A404
9.0.1|iPad4,3|13A404
9.0.1|iPad4,4|13A404
9.0.1|iPad4,5|13A404
9.0.1|iPad4,6|13A404
9.0.1|iPad4,7|13A404
9.0.1|iPad4,8|13A404
9.0.1|iPad4,9|13A404
9.0.1|iPad5,1|13A404
9.0.1|iPad5,2|13A404
9.0.1|iPad5,3|13A404
9.0.1|iPad5,4|13A404
9.0.1|iPhone4,1|13A404
9.0.1|iPhone5,1|13A404
9.0.1|iPhone5,2|13A404
9.0.1|iPhone5,3|13A404
9.0.1|iPhone5,4|13A404
9.0.1|iPhone6,1|13A404
9.0.1|iPhone6,2|13A404
9.0.1|iPhone7,1|13A404
9.0.1|iPhone7,2|13A404
9.0.1|iPhone8,1|13A405
9.0.1|iPhone8,2|13A405
9.0.1|iPod5,1|13A404
9.0.1|iPod7,1|13A404
9.0.2|iPad2,1|13A452
9.0.2|iPad2,2|13A452
9.0.2|iPad2,3|13A452
9.0.2|iPad2,4|13A452
9.0.2|iPad2,5|13A452
9.0.2|iPad2,6|13A452
9.0.2|iPad2,7|13A452
9.0.2|iPad3,1|13A452
9.0.2|iPad3,2|13A452
9.0.2|iPad3,3|13A452
9.0.2|iPad3,4|13A452
9.0.2|iPad3,5|13A452
9.0.2|iPad3,6|13A452
9.0.2|iPad4,1|13A452
9.0.2|iPad4,2|13A452
9.0.2|iPad4,3|13A452
9.0.2|iPad4,4|13A452
9.0.2|iPad4,5|13A452
9.0.2|iPad4,6|13A452
9.0.2|iPad4,7|13A452
9.0.2|iPad4,8|13A452
9.0.2|iPad4,9|13A452
9.0.2|iPad5,1|13A452
9.0.2|iPad5,2|13A452
9.0.2|iPad5,3|13A452
9.0.2|iPad5,4|13A452
9.0.2|iPhone4,1|13A452
9.0.2|iPhone5,1|13A452
9.0.2|iPhone5,2|13A452
9.0.2|iPhone5,3|13A452
9.0.2|iPhone5,4|13A452
9.0.2|iPhone6,1|13A452
9.0.2|iPhone6,2|13A452
9.0.2|iPhone7,1|13A452
9.0.2|iPhone7,2|13A452
9.0.2|iPhone8,1|13A452
9.0.2|iPhone8,2|13A452
9.0.2|iPod5,1|13A452
9.0.2|iPod7,1|13A452
9.0|AppleTV5,3|13T396
9.0|iPad2,1|13A344
9.0|iPad2,2|13A344
9.0|iPad2,3|13A344
9.0|iPad2,4|13A344
9.0|iPad2,5|13A344
9.0|iPad2,6|13A344
9.0|iPad2,7|13A344
9.0|iPad3,1|13A344
9.0|iPad3,2|13A344
9.0|iPad3,3|13A344
9.0|iPad3,4|13A344
9.0|iPad3,5|13A344
9.0|iPad3,6|13A344
9.0|iPad4,1|13A344
9.0|iPad4,2|13A344
9.0|iPad4,3|13A344
9.0|iPad4,4|13A344
9.0|iPad4,5|13A344
9.0|iPad4,6|13A344
9.0|iPad4,7|13A344
9.0|iPad4,8|13A344
9.0|iPad4,9|13A344
9.0|iPad5,1|13A340
9.0|iPad5,2|13A340
9.0|iPad5,3|13A344
9.0|iPad5,4|13A344
9.0|iPhone4,1|13A344
9.0|iPhone5,1|13A344
9.0|iPhone5,2|13A344
9.0|iPhone5,3|13A344
9.0|iPhone5,4|13A344
9.0|iPhone6,1|13A344
9.0|iPhone6,2|13A344
9.0|iPhone7,1|13A344
9.0|iPhone7,2|13A344
9.0|iPhone8,1|13A342
9.0|iPhone8,2|13A343
9.0|iPod5,1|13A344
9.0|iPod7,1|13A344
9.1|AppleTV5,3|13U85
9.1|iPad2,1|13B143
9.1|iPad2,2|13B143
9.1|iPad2,3|13B143
9.1|iPad2,4|13B143
9.1|iPad2,5|13B143
9.1|iPad2,6|13B143
9.1|iPad2,7|13B143
9.1|iPad3,1|13B143
9.1|iPad3,2|13B143
9.1|iPad3,3|13B143
9.1|iPad3,4|13B143
9.1|iPad3,5|13B143
9.1|iPad3,6|13B143
9.1|iPad4,1|13B143
9.1|iPad4,2|13B143
9.1|iPad4,3|13B143
9.1|iPad4,4|13B143
9.1|iPad4,5|13B143
9.1|iPad4,6|13B143
9.1|iPad4,7|13B143
9.1|iPad4,8|13B143
9.1|iPad4,9|13B143
9.1|iPad5,1|13B143
9.1|iPad5,2|13B143
9.1|iPad5,3|13B143
9.1|iPad5,4|13B143
9.1|iPad6,7|13B143
9.1|iPad6,7|13B144
9.1|iPad6,8|13B143
9.1|iPad6,8|13B144
9.1|iPhone4,1|13B143
9.1|iPhone5,1|13B143
9.1|iPhone5,2|13B143
9.1|iPhone5,3|13B143
9.1|iPhone5,4|13B143
9.1|iPhone6,1|13B143
9.1|iPhone6,2|13B143
9.1|iPhone7,1|13B143
9.1|iPhone7,2|13B143
9.1|iPhone8,1|13B143
9.1|iPhone8,2|13B143
9.1|iPod5,1|13B143
9.1|iPod7,1|13B143
9.2.1|AppleTV5,3|13Y772
9.2.1|iPad2,1|13D15
9.2.1|iPad2,2|13D15
9.2.1|iPad2,3|13D15
9.2.1|iPad2,4|13D15
9.2.1|iPad2,5|13D15
9.2.1|iPad2,6|13D15
9.2.1|iPad2,7|13D15
9.2.1|iPad3,1|13D15
9.2.1|iPad3,2|13D15
9.2.1|iPad3,3|13D15
9.2.1|iPad3,4|13D15
9.2.1|iPad3,5|13D15
9.2.1|iPad3,6|13D15
9.2.1|iPad4,1|13D15
9.2.1|iPad4,2|13D15
9.2.1|iPad4,3|13D15
9.2.1|iPad4,4|13D15
9.2.1|iPad4,5|13D15
9.2.1|iPad4,6|13D15
9.2.1|iPad4,7|13D15
9.2.1|iPad4,7|13D20
9.2.1|iPad4,8|13D15
9.2.1|iPad4,8|13D20
9.2.1|iPad4,9|13D15
9.2.1|iPad4,9|13D20
9.2.1|iPad5,1|13D15
9.2.1|iPad5,1|13D20
9.2.1|iPad5,2|13D15
9.2.1|iPad5,2|13D20
9.2.1|iPad5,3|13D15
9.2.1|iPad5,3|13D20
9.2.1|iPad5,4|13D15
9.2.1|iPad5,4|13D20
9.2.1|iPad6,7|13D15
9.2.1|iPad6,7|13D20
9.2.1|iPad6,8|13D15
9.2.1|iPad6,8|13D20
9.2.1|iPhone4,1|13D15
9.2.1|iPhone5,1|13D15
9.2.1|iPhone5,2|13D15
9.2.1|iPhone5,3|13D15
9.2.1|iPhone5,4|13D15
9.2.1|iPhone6,1|13D15
9.2.1|iPhone6,2|13D15
9.2.1|iPhone7,1|13D15
9.2.1|iPhone7,1|13D20
9.2.1|iPhone7,2|13D15
9.2.1|iPhone7,2|13D20
9.2.1|iPhone8,1|13D15
9.2.1|iPhone8,1|13D20
9.2.1|iPhone8,2|13D15
9.2.1|iPhone8,2|13D20
9.2.1|iPod5,1|13D15
9.2.1|iPod7,1|13D15
9.2|AppleTV5,3|13Y234
9.2|iPad2,1|13C75
9.2|iPad2,2|13C75
9.2|iPad2,3|13C75
9.2|iPad2,4|13C75
9.2|iPad2,5|13C75
9.2|iPad2,6|13C75
9.2|iPad2,7|13C75
9.2|iPad3,1|13C75
9.2|iPad3,2|13C75
9.2|iPad3,3|13C75
9.2|iPad3,4|13C75
9.2|iPad3,5|13C75
9.2|iPad3,6|13C75
9.2|iPad4,1|13C75
9.2|iPad4,2|13C75
9.2|iPad4,3|13C75
9.2|iPad4,4|13C75
9.2|iPad4,5|13C75
9.2|iPad4,6|13C75
9.2|iPad4,7|13C75
9.2|iPad4,8|13C75
9.2|iPad4,9|13C75
9.2|iPad5,1|13C75
9.2|iPad5,2|13C75
9.2|iPad5,3|13C75
9.2|iPad5,4|13C75
9.2|iPad6,7|13C75
9.2|iPad6,8|13C75
9.2|iPhone4,1|13C75
9.2|iPhone5,1|13C75
9.2|iPhone5,2|13C75
9.2|iPhone5,3|13C75
9.2|iPhone5,4|13C75
9.2|iPhone6,1|13C75
9.2|iPhone6,2|13C75
9.2|iPhone7,1|13C75
9.2|iPhone7,2|13C75
9.2|iPhone8,1|13C75
9.2|iPhone8,2|13C75
9.2|iPod5,1|13C75
9.2|iPod7,1|13C75
9.3.1|iPad2,1|13E238
9.3.1|iPad2,2|13E238
9.3.1|iPad2,3|13E238
9.3.1|iPad2,4|13E238
9.3.1|iPad2,5|13E238
9.3.1|iPad2,6|13E238
9.3.1|iPad2,7|13E238
9.3.1|iPad3,1|13E238
9.3.1|iPad3,2|13E238
9.3.1|iPad3,3|13E238
9.3.1|iPad3,4|13E238
9.3.1|iPad3,5|13E238
9.3.1|iPad3,6|13E238
9.3.1|iPad4,1|13E238
9.3.1|iPad4,2|13E238
9.3.1|iPad4,3|13E238
9.3.1|iPad4,4|13E238
9.3.1|iPad4,5|13E238
9.3.1|iPad4,6|13E238
9.3.1|iPad4,7|13E238
9.3.1|iPad4,8|13E238
9.3.1|iPad4,9|13E238
9.3.1|iPad5,1|13E238
9.3.1|iPad5,2|13E238
9.3.1|iPad5,3|13E238
9.3.1|iPad5,4|13E238
9.3.1|iPad6,3|13E238
9.3.1|iPad6,4|13E238
9.3.1|iPad6,7|13E238
9.3.1|iPad6,8|13E238
9.3.1|iPhone4,1|13E238
9.3.1|iPhone5,1|13E238
9.3.1|iPhone5,2|13E238
9.3.1|iPhone5,3|13E238
9.3.1|iPhone5,4|13E238
9.3.1|iPhone6,1|13E238
9.3.1|iPhone6,2|13E238
9.3.1|iPhone7,1|13E238
9.3.1|iPhone7,2|13E238
9.3.1|iPhone8,1|13E238
9.3.1|iPhone8,2|13E238
9.3.1|iPhone8,4|13E238
9.3.1|iPod5,1|13E238
9.3.1|iPod7,1|13E238
9.3.2|iPad2,1|13F69
9.3.2|iPad2,2|13F69
9.3.2|iPad2,3|13F69
9.3.2|iPad2,4|13F69
9.3.2|iPad2,5|13F69
9.3.2|iPad2,6|13F69
9.3.2|iPad2,7|13F69
9.3.2|iPad3,1|13F69
9.3.2|iPad3,2|13F69
9.3.2|iPad3,3|13F69
9.3.2|iPad3,4|13F69
9.3.2|iPad3,5|13F69
9.3.2|iPad3,6|13F69
9.3.2|iPad4,1|13F69
9.3.2|iPad4,2|13F69
9.3.2|iPad4,3|13F69
9.3.2|iPad4,4|13F69
9.3.2|iPad4,5|13F69
9.3.2|iPad4,6|13F69
9.3.2|iPad4,7|13F69
9.3.2|iPad4,8|13F69
9.3.2|iPad4,9|13F69
9.3.2|iPad5,1|13F69
9.3.2|iPad5,2|13F69
9.3.2|iPad5,3|13F69
9.3.2|iPad5,4|13F69
9.3.2|iPad6,3|13F69
9.3.2|iPad6,3|13F72
9.3.2|iPad6,4|13F69
9.3.2|iPad6,4|13F72
9.3.2|iPad6,7|13F69
9.3.2|iPad6,8|13F69
9.3.2|iPhone4,1|13F69
9.3.2|iPhone5,1|13F69
9.3.2|iPhone5,2|13F69
9.3.2|iPhone5,3|13F69
9.3.2|iPhone5,4|13F69
9.3.2|iPhone6,1|13F69
9.3.2|iPhone6,2|13F69
9.3.2|iPhone7,1|13F69
9.3.2|iPhone7,2|13F69
9.3.2|iPhone8,1|13F69
9.3.2|iPhone8,2|13F69
9.3.2|iPhone8,4|13F69
9.3.2|iPod5,1|13F69
9.3.2|iPod7,1|13F69
9.3.3|iPad2,1|13G34
9.3.3|iPad2,2|13G34
9.3.3|iPad2,3|13G34
9.3.3|iPad2,4|13G34
9.3.3|iPad2,5|13G34
9.3.3|iPad2,6|13G34
9.3.3|iPad2,7|13G34
9.3.3|iPad3,1|13G34
9.3.3|iPad3,2|13G34
9.3.3|iPad3,3|13G34
9.3.3|iPad3,4|13G34
9.3.3|iPad3,5|13G34
9.3.3|iPad3,6|13G34
9.3.3|iPad4,1|13G34
9.3.3|iPad4,2|13G34
9.3.3|iPad4,3|13G34
9.3.3|iPad4,4|13G34
9.3.3|iPad4,5|13G34
9.3.3|iPad4,6|13G34
9.3.3|iPad4,7|13G34
9.3.3|iPad4,8|13G34
9.3.3|iPad4,9|13G34
9.3.3|iPad5,1|13G34
9.3.3|iPad5,2|13G34
9.3.3|iPad5,3|13G34
9.3.3|iPad5,4|13G34
9.3.3|iPad6,3|13G34
9.3.3|iPad6,4|13G34
9.3.3|iPad6,7|13G34
9.3.3|iPad6,8|13G34
9.3.3|iPhone4,1|13G34
9.3.3|iPhone5,1|13G34
9.3.3|iPhone5,2|13G34
9.3.3|iPhone5,3|13G34
9.3.3|iPhone5,4|13G34
9.3.3|iPhone6,1|13G34
9.3.3|iPhone6,2|13G34
9.3.3|iPhone7,1|13G34
9.3.3|iPhone7,2|13G34
9.3.3|iPhone8,1|13G34
9.3.3|iPhone8,2|13G34
9.3.3|iPhone8,4|13G34
9.3.3|iPod5,1|13G34
9.3.3|iPod7,1|13G34
9.3.4|iPad2,1|13G35
9.3.4|iPad2,2|13G35
9.3.4|iPad2,3|13G35
9.3.4|iPad2,4|13G35
9.3.4|iPad2,5|13G35
9.3.4|iPad2,6|13G35
9.3.4|iPad2,7|13G35
9.3.4|iPad3,1|13G35
9.3.4|iPad3,2|13G35
9.3.4|iPad3,3|13G35
9.3.4|iPad3,4|13G35
9.3.4|iPad3,5|13G35
9.3.4|iPad3,6|13G35
9.3.4|iPad4,1|13G35
9.3.4|iPad4,2|13G35
9.3.4|iPad4,3|13G35
9.3.4|iPad4,4|13G35
9.3.4|iPad4,5|13G35
9.3.4|iPad4,6|13G35
9.3.4|iPad4,7|13G35
9.3.4|iPad4,8|13G35
9.3.4|iPad4,9|13G35
9.3.4|iPad5,1|13G35
9.3.4|iPad5,2|13G35
9.3.4|iPad5,3|13G35
9.3.4|iPad5,4|13G35
9.3.4|iPad6,3|13G35
9.3.4|iPad6,4|13G35
9.3.4|iPad6,7|13G35
9.3.4|iPad6,8|13G35
9.3.4|iPhone4,1|13G35
9.3.4|iPhone5,1|13G35
9.3.4|iPhone5,2|13G35
9.3.4|iPhone5,3|13G35
9.3.4|iPhone5,4|13G35
9.3.4|iPhone6,1|13G35
9.3.4|iPhone6,2|13G35
9.3.4|iPhone7,1|13G35
9.3.4|iPhone7,2|13G35
9.3.4|iPhone8,1|13G35
9.3.4|iPhone8,2|13G35
9.3.4|iPhone8,4|13G35
9.3.4|iPod5,1|13G35
9.3.4|iPod7,1|13G35
9.3.5|iPad2,1|13G36
9.3.5|iPad2,2|13G36
9.3.5|iPad2,3|13G36
9.3.5|iPad2,4|13G36
9.3.5|iPad2,5|13G36
9.3.5|iPad2,6|13G36
9.3.5|iPad2,7|13G36
9.3.5|iPad3,1|13G36
9.3.5|iPad3,2|13G36
9.3.5|iPad3,3|13G36
9.3.5|iPad3,4|13G36
9.3.5|iPad3,5|13G36
9.3.5|iPad3,6|13G36
9.3.5|iPad4,1|13G36
9.3.5|iPad4,2|13G36
9.3.5|iPad4,3|13G36
9.3.5|iPad4,4|13G36
9.3.5|iPad4,5|13G36
9.3.5|iPad4,6|13G36
9.3.5|iPad4,7|13G36
9.3.5|iPad4,8|13G36
9.3.5|iPad4,9|13G36
9.3.5|iPad5,1|13G36
9.3.5|iPad5,2|13G36
9.3.5|iPad5,3|13G36
9.3.5|iPad5,4|13G36
9.3.5|iPad6,3|13G36
9.3.5|iPad6,4|13G36
9.3.5|iPad6,7|13G36
9.3.5|iPad6,8|13G36
9.3.5|iPhone4,1|13G36
9.3.5|iPhone5,1|13G36
9.3.5|iPhone5,2|13G36
9.3.5|iPhone5,3|13G36
9.3.5|iPhone5,4|13G36
9.3.5|iPhone6,1|13G36
9.3.5|iPhone6,2|13G36
9.3.5|iPhone7,1|13G36
9.3.5|iPhone7,2|13G36
9.3.5|iPhone8,1|13G36
9.3.5|iPhone8,2|13G36
9.3.5|iPhone8,4|13G36
9.3.5|iPod5,1|13G36
9.3.5|iPod7,1|13G36
9.3|iPad2,1|13E233
9.3|iPad2,1|13E237
9.3|iPad2,2|13E233
9.3|iPad2,2|13E236
9.3|iPad2,3|13E233
9.3|iPad2,3|13E237
9.3|iPad2,4|13E233
9.3|iPad2,4|13E237
9.3|iPad2,5|13E233
9.3|iPad2,5|13E237
9.3|iPad2,6|13E233
9.3|iPad2,6|13E237
9.3|iPad2,7|13E233
9.3|iPad2,7|13E237
9.3|iPad3,1|13E233
9.3|iPad3,1|13E237
9.3|iPad3,2|13E233
9.3|iPad3,2|13E237
9.3|iPad3,3|13E233
9.3|iPad3,3|13E237
9.3|iPad3,4|13E233
9.3|iPad3,4|13E237
9.3|iPad3,5|13E233
9.3|iPad3,5|13E237
9.3|iPad3,6|13E233
9.3|iPad3,6|13E237
9.3|iPad4,1|13E233
9.3|iPad4,1|13E237
9.3|iPad4,2|13E233
9.3|iPad4,2|13E237
9.3|iPad4,3|13E233
9.3|iPad4,3|13E237
9.3|iPad4,4|13E233
9.3|iPad4,4|13E237
9.3|iPad4,5|13E233
9.3|iPad4,5|13E237
9.3|iPad4,6|13E233
9.3|iPad4,6|13E237
9.3|iPad4,7|13E233
9.3|iPad4,8|13E233
9.3|iPad4,9|13E233
9.3|iPad5,1|13E233
9.3|iPad5,2|13E233
9.3|iPad5,3|13E233
9.3|iPad5,4|13E233
9.3|iPad6,3|13E234
9.3|iPad6,4|13E234
9.3|iPad6,7|13E233
9.3|iPad6,8|13E233
9.3|iPhone4,1|13E233
9.3|iPhone4,1|13E237
9.3|iPhone5,1|13E233
9.3|iPhone5,1|13E237
9.3|iPhone5,2|13E233
9.3|iPhone5,2|13E237
9.3|iPhone5,3|13E233
9.3|iPhone5,3|13E237
9.3|iPhone5,4|13E233
9.3|iPhone5,4|13E237
9.3|iPhone6,1|13E233
9.3|iPhone6,1|13E237
9.3|iPhone6,2|13E233
9.3|iPhone6,2|13E237
9.3|iPhone7,1|13E233
9.3|iPhone7,2|13E233
9.3|iPhone8,1|13E234
9.3|iPhone8,2|13E234
9.3|iPhone8,4|13E233
9.3|iPod5,1|13E233
9.3|iPod5,1|13E237
9.3|iPod7,1|13E233